{"/Users/joshtuddenham/Projects/Wooster/src/App.tsx": {"path":"/Users/joshtuddenham/Projects/Wooster/src/App.tsx","statementMap":{},"fnMap":{"0":{"name":"App","decl":{"start":{"line":9,"column":9},"end":{"line":9,"column":null}},"loc":{"start":{"line":9,"column":9},"end":{"line":29,"column":null}}}},"branchMap":{},"s":{},"f":{"0":0},"b":{}}
,"/Users/joshtuddenham/Projects/Wooster/src/__mocks__/mockDestinations.ts": {"path":"/Users/joshtuddenham/Projects/Wooster/src/__mocks__/mockDestinations.ts","statementMap":{"0":{"start":{"line":3,"column":47},"end":{"line":51,"column":2}},"1":{"start":{"line":53,"column":40},"end":{"line":78,"column":2}}},"fnMap":{},"branchMap":{},"s":{"0":1,"1":1},"f":{},"b":{}}
,"/Users/joshtuddenham/Projects/Wooster/src/__mocks__/mockTrips.ts": {"path":"/Users/joshtuddenham/Projects/Wooster/src/__mocks__/mockTrips.ts","statementMap":{"0":{"start":{"line":4,"column":49},"end":{"line":17,"column":null}},"1":{"start":{"line":19,"column":49},"end":{"line":32,"column":null}},"2":{"start":{"line":35,"column":50},"end":{"line":48,"column":2}},"3":{"start":{"line":51,"column":51},"end":{"line":60,"column":2}},"4":{"start":{"line":63,"column":49},"end":{"line":68,"column":2}},"5":{"start":{"line":71,"column":33},"end":{"line":86,"column":2}}},"fnMap":{},"branchMap":{},"s":{"0":1,"1":1,"2":1,"3":1,"4":1,"5":1},"f":{},"b":{}}
,"/Users/joshtuddenham/Projects/Wooster/src/components/Activity.tsx": {"path":"/Users/joshtuddenham/Projects/Wooster/src/components/Activity.tsx","statementMap":{"0":{"start":{"line":13,"column":58},"end":{"line":13,"column":null}},"1":{"start":{"line":15,"column":24},"end":{"line":15,"column":105}}},"fnMap":{"0":{"name":"Activity","decl":{"start":{"line":12,"column":9},"end":{"line":12,"column":18}},"loc":{"start":{"line":12,"column":67},"end":{"line":56,"column":null}}}},"branchMap":{"0":{"loc":{"start":{"line":20,"column":8},"end":{"line":20,"column":null}},"type":"cond-expr","locations":[{"start":{"line":20,"column":21},"end":{"line":20,"column":52}},{"start":{"line":20,"column":52},"end":{"line":20,"column":null}}]},"1":{"loc":{"start":{"line":26,"column":9},"end":{"line":26,"column":null}},"type":"binary-expr","locations":[{"start":{"line":26,"column":9},"end":{"line":26,"column":null}}]},"2":{"loc":{"start":{"line":35,"column":25},"end":{"line":35,"column":80}},"type":"cond-expr","locations":[{"start":{"line":35,"column":38},"end":{"line":35,"column":56}},{"start":{"line":35,"column":56},"end":{"line":35,"column":80}}]}},"s":{"0":0,"1":0},"f":{"0":0},"b":{"0":[0,0],"1":[0],"2":[0,0]}}
,"/Users/joshtuddenham/Projects/Wooster/src/components/CreateDestnation.tsx": {"path":"/Users/joshtuddenham/Projects/Wooster/src/components/CreateDestnation.tsx","statementMap":{"0":{"start":{"line":14,"column":30},"end":{"line":14,"column":null}},"1":{"start":{"line":15,"column":24},"end":{"line":15,"column":null}},"2":{"start":{"line":17,"column":15},"end":{"line":21,"column":null}},"3":{"start":{"line":25,"column":4},"end":{"line":25,"column":null}},"4":{"start":{"line":27,"column":4},"end":{"line":34,"column":null}},"5":{"start":{"line":28,"column":29},"end":{"line":28,"column":72}},"6":{"start":{"line":29,"column":6},"end":{"line":29,"column":70}},"7":{"start":{"line":31,"column":6},"end":{"line":31,"column":null}},"8":{"start":{"line":33,"column":6},"end":{"line":33,"column":null}}},"fnMap":{"0":{"name":"CreateDestination","decl":{"start":{"line":13,"column":9},"end":{"line":13,"column":null}},"loc":{"start":{"line":13,"column":9},"end":{"line":70,"column":null}}},"1":{"name":"onSubmit","decl":{"start":{"line":24,"column":17},"end":{"line":24,"column":26}},"loc":{"start":{"line":24,"column":40},"end":{"line":35,"column":null}}}},"branchMap":{"0":{"loc":{"start":{"line":45,"column":10},"end":{"line":47,"column":11}},"type":"cond-expr","locations":[{"start":{"line":45,"column":10},"end":{"line":47,"column":11}}]}},"s":{"0":0,"1":0,"2":0,"3":0,"4":0,"5":0,"6":0,"7":0,"8":0},"f":{"0":0,"1":0},"b":{"0":[0]}}
,"/Users/joshtuddenham/Projects/Wooster/src/components/CreateTrip.tsx": {"path":"/Users/joshtuddenham/Projects/Wooster/src/components/CreateTrip.tsx","statementMap":{"0":{"start":{"line":20,"column":30},"end":{"line":20,"column":null}},"1":{"start":{"line":21,"column":24},"end":{"line":21,"column":null}},"2":{"start":{"line":23,"column":15},"end":{"line":29,"column":null}},"3":{"start":{"line":31,"column":19},"end":{"line":31,"column":null}},"4":{"start":{"line":34,"column":4},"end":{"line":34,"column":null}},"5":{"start":{"line":35,"column":26},"end":{"line":40,"column":null}},"6":{"start":{"line":42,"column":4},"end":{"line":65,"column":null}},"7":{"start":{"line":43,"column":23},"end":{"line":49,"column":null}},"8":{"start":{"line":51,"column":6},"end":{"line":60,"column":null}},"9":{"start":{"line":52,"column":23},"end":{"line":52,"column":null}},"10":{"start":{"line":54,"column":8},"end":{"line":54,"column":null}},"11":{"start":{"line":57,"column":8},"end":{"line":59,"column":null}},"12":{"start":{"line":58,"column":10},"end":{"line":58,"column":null}},"13":{"start":{"line":62,"column":6},"end":{"line":62,"column":null}},"14":{"start":{"line":64,"column":6},"end":{"line":64,"column":null}},"15":{"start":{"line":135,"column":49},"end":{"line":135,"column":null}}},"fnMap":{"0":{"name":"CreateTrip","decl":{"start":{"line":19,"column":9},"end":{"line":19,"column":20}},"loc":{"start":{"line":19,"column":49},"end":{"line":176,"column":null}}},"1":{"name":"onSubmit","decl":{"start":{"line":33,"column":17},"end":{"line":33,"column":26}},"loc":{"start":{"line":33,"column":96},"end":{"line":66,"column":null}}},"2":{"name":"(anonymous_4)","decl":{"start":{"line":135,"column":39},"end":{"line":135,"column":40}},"loc":{"start":{"line":135,"column":49},"end":{"line":135,"column":null}}}},"branchMap":{"0":{"loc":{"start":{"line":38,"column":18},"end":{"line":38,"column":null}},"type":"cond-expr","locations":[{"start":{"line":38,"column":36},"end":{"line":38,"column":68}},{"start":{"line":38,"column":68},"end":{"line":38,"column":null}}]},"1":{"loc":{"start":{"line":51,"column":6},"end":{"line":60,"column":null}},"type":"if","locations":[{"start":{"line":51,"column":6},"end":{"line":60,"column":null}},{"start":{},"end":{}}]},"2":{"loc":{"start":{"line":57,"column":8},"end":{"line":59,"column":null}},"type":"if","locations":[{"start":{"line":57,"column":8},"end":{"line":59,"column":null}},{"start":{},"end":{}}]},"3":{"loc":{"start":{"line":57,"column":12},"end":{"line":57,"column":46}},"type":"binary-expr","locations":[{"start":{"line":57,"column":12},"end":{"line":57,"column":23}},{"start":{"line":57,"column":27},"end":{"line":57,"column":46}}]},"4":{"loc":{"start":{"line":76,"column":10},"end":{"line":78,"column":11}},"type":"cond-expr","locations":[{"start":{"line":76,"column":10},"end":{"line":78,"column":11}}]},"5":{"loc":{"start":{"line":99,"column":36},"end":{"line":99,"column":null}},"type":"binary-expr","locations":[{"start":{"line":99,"column":36},"end":{"line":99,"column":48}},{"start":{"line":99,"column":52},"end":{"line":99,"column":null}}]},"6":{"loc":{"start":{"line":104,"column":36},"end":{"line":104,"column":null}},"type":"cond-expr","locations":[{"start":{"line":104,"column":36},"end":{"line":104,"column":null}}]},"7":{"loc":{"start":{"line":144,"column":16},"end":{"line":152,"column":17}},"type":"cond-expr","locations":[{"start":{"line":144,"column":16},"end":{"line":152,"column":17}}]}},"s":{"0":0,"1":0,"2":0,"3":0,"4":0,"5":0,"6":0,"7":0,"8":0,"9":0,"10":0,"11":0,"12":0,"13":0,"14":0,"15":0},"f":{"0":0,"1":0,"2":0},"b":{"0":[0,0],"1":[0,0],"2":[0,0],"3":[0,0],"4":[0],"5":[0,0],"6":[0],"7":[0]}}
,"/Users/joshtuddenham/Projects/Wooster/src/components/DayNav.tsx": {"path":"/Users/joshtuddenham/Projects/Wooster/src/components/DayNav.tsx","statementMap":{"0":{"start":{"line":18,"column":14},"end":{"line":18,"column":32}},"1":{"start":{"line":32,"column":29},"end":{"line":32,"column":null}}},"fnMap":{"0":{"name":"DayNav","decl":{"start":{"line":10,"column":9},"end":{"line":10,"column":16}},"loc":{"start":{"line":10,"column":64},"end":{"line":41,"column":null}}},"1":{"name":"(anonymous_1)","decl":{"start":{"line":17,"column":21},"end":{"line":17,"column":null}},"loc":{"start":{"line":17,"column":21},"end":{"line":19,"column":null}}},"2":{"name":"(anonymous_3)","decl":{"start":{"line":32,"column":23},"end":{"line":32,"column":29}},"loc":{"start":{"line":32,"column":29},"end":{"line":32,"column":null}}}},"branchMap":{"0":{"loc":{"start":{"line":16,"column":36},"end":{"line":16,"column":129}},"type":"cond-expr","locations":[{"start":{"line":16,"column":55},"end":{"line":16,"column":82}},{"start":{"line":16,"column":82},"end":{"line":16,"column":129}}]},"1":{"loc":{"start":{"line":28,"column":16},"end":{"line":30,"column":null}},"type":"cond-expr","locations":[{"start":{"line":29,"column":20},"end":{"line":29,"column":null}},{"start":{"line":30,"column":20},"end":{"line":30,"column":null}}]}},"s":{"0":0,"1":0},"f":{"0":0,"1":0,"2":0},"b":{"0":[0,0],"1":[0,0]}}
,"/Users/joshtuddenham/Projects/Wooster/src/components/DestinationCard.tsx": {"path":"/Users/joshtuddenham/Projects/Wooster/src/components/DestinationCard.tsx","statementMap":{"0":{"start":{"line":11,"column":65},"end":{"line":11,"column":null}},"1":{"start":{"line":13,"column":23},"end":{"line":16,"column":null}},"2":{"start":{"line":14,"column":4},"end":{"line":14,"column":null}},"3":{"start":{"line":14,"column":34},"end":{"line":14,"column":null}},"4":{"start":{"line":15,"column":4},"end":{"line":15,"column":null}}},"fnMap":{"0":{"name":"DestinationCard","decl":{"start":{"line":10,"column":9},"end":{"line":10,"column":25}},"loc":{"start":{"line":10,"column":58},"end":{"line":41,"column":null}}},"1":{"name":"(anonymous_1)","decl":{"start":{"line":13,"column":23},"end":{"line":13,"column":24}},"loc":{"start":{"line":13,"column":38},"end":{"line":16,"column":null}}}},"branchMap":{"0":{"loc":{"start":{"line":14,"column":4},"end":{"line":14,"column":null}},"type":"if","locations":[{"start":{"line":14,"column":4},"end":{"line":14,"column":null}},{"start":{},"end":{}}]}},"s":{"0":0,"1":0,"2":0,"3":0,"4":0},"f":{"0":0,"1":0},"b":{"0":[0,0]}}
,"/Users/joshtuddenham/Projects/Wooster/src/components/DestinationDetail.tsx": {"path":"/Users/joshtuddenham/Projects/Wooster/src/components/DestinationDetail.tsx","statementMap":{"0":{"start":{"line":22,"column":23},"end":{"line":22,"column":null}},"1":{"start":{"line":23,"column":50},"end":{"line":23,"column":null}},"2":{"start":{"line":24,"column":54},"end":{"line":24,"column":71}},"3":{"start":{"line":25,"column":19},"end":{"line":25,"column":null}},"4":{"start":{"line":28,"column":27},"end":{"line":42,"column":null}},"5":{"start":{"line":29,"column":4},"end":{"line":29,"column":null}},"6":{"start":{"line":29,"column":15},"end":{"line":29,"column":null}},"7":{"start":{"line":31,"column":4},"end":{"line":31,"column":null}},"8":{"start":{"line":33,"column":4},"end":{"line":41,"column":null}},"9":{"start":{"line":34,"column":6},"end":{"line":34,"column":38}},"10":{"start":{"line":35,"column":6},"end":{"line":35,"column":null}},"11":{"start":{"line":36,"column":6},"end":{"line":36,"column":null}},"12":{"start":{"line":38,"column":6},"end":{"line":38,"column":null}},"13":{"start":{"line":40,"column":6},"end":{"line":40,"column":null}},"14":{"start":{"line":45,"column":34},"end":{"line":70,"column":null}},"15":{"start":{"line":46,"column":26},"end":{"line":46,"column":null}},"16":{"start":{"line":47,"column":4},"end":{"line":50,"column":null}},"17":{"start":{"line":48,"column":6},"end":{"line":48,"column":null}},"18":{"start":{"line":49,"column":6},"end":{"line":49,"column":null}},"19":{"start":{"line":52,"column":26},"end":{"line":53,"column":null}},"20":{"start":{"line":55,"column":4},"end":{"line":57,"column":null}},"21":{"start":{"line":56,"column":6},"end":{"line":56,"column":null}},"22":{"start":{"line":59,"column":4},"end":{"line":59,"column":null}},"23":{"start":{"line":61,"column":4},"end":{"line":69,"column":null}},"24":{"start":{"line":62,"column":6},"end":{"line":62,"column":null}},"25":{"start":{"line":63,"column":6},"end":{"line":63,"column":null}},"26":{"start":{"line":64,"column":6},"end":{"line":64,"column":null}},"27":{"start":{"line":66,"column":6},"end":{"line":66,"column":null}},"28":{"start":{"line":68,"column":6},"end":{"line":68,"column":null}},"29":{"start":{"line":72,"column":27},"end":{"line":74,"column":null}},"30":{"start":{"line":73,"column":4},"end":{"line":73,"column":null}},"31":{"start":{"line":76,"column":28},"end":{"line":78,"column":null}},"32":{"start":{"line":77,"column":4},"end":{"line":77,"column":null}},"33":{"start":{"line":80,"column":28},"end":{"line":83,"column":null}},"34":{"start":{"line":81,"column":4},"end":{"line":81,"column":null}},"35":{"start":{"line":82,"column":4},"end":{"line":82,"column":null}},"36":{"start":{"line":110,"column":31},"end":{"line":110,"column":null}}},"fnMap":{"0":{"name":"DestinationDetail","decl":{"start":{"line":21,"column":9},"end":{"line":21,"column":27}},"loc":{"start":{"line":21,"column":72},"end":{"line":218,"column":null}}},"1":{"name":"(anonymous_1)","decl":{"start":{"line":28,"column":27},"end":{"line":28,"column":null}},"loc":{"start":{"line":28,"column":27},"end":{"line":42,"column":null}}},"2":{"name":"(anonymous_2)","decl":{"start":{"line":45,"column":34},"end":{"line":45,"column":null}},"loc":{"start":{"line":45,"column":34},"end":{"line":70,"column":null}}},"3":{"name":"(anonymous_3)","decl":{"start":{"line":72,"column":27},"end":{"line":72,"column":null}},"loc":{"start":{"line":72,"column":27},"end":{"line":74,"column":null}}},"4":{"name":"(anonymous_4)","decl":{"start":{"line":76,"column":28},"end":{"line":76,"column":null}},"loc":{"start":{"line":76,"column":28},"end":{"line":78,"column":null}}},"5":{"name":"(anonymous_5)","decl":{"start":{"line":80,"column":28},"end":{"line":80,"column":null}},"loc":{"start":{"line":80,"column":28},"end":{"line":83,"column":null}}},"6":{"name":"(anonymous_6)","decl":{"start":{"line":110,"column":25},"end":{"line":110,"column":31}},"loc":{"start":{"line":110,"column":31},"end":{"line":110,"column":null}}},"7":{"name":"InfoItem","decl":{"start":{"line":220,"column":9},"end":{"line":220,"column":18}},"loc":{"start":{"line":220,"column":97},"end":{"line":230,"column":null}}}},"branchMap":{"0":{"loc":{"start":{"line":29,"column":4},"end":{"line":29,"column":null}},"type":"if","locations":[{"start":{"line":29,"column":4},"end":{"line":29,"column":null}},{"start":{},"end":{}}]},"1":{"loc":{"start":{"line":38,"column":44},"end":{"line":38,"column":null}},"type":"cond-expr","locations":[{"start":{"line":38,"column":69},"end":{"line":38,"column":82}},{"start":{"line":38,"column":85},"end":{"line":38,"column":null}}]},"2":{"loc":{"start":{"line":47,"column":4},"end":{"line":50,"column":null}},"type":"if","locations":[{"start":{"line":47,"column":4},"end":{"line":50,"column":null}},{"start":{},"end":{}}]},"3":{"loc":{"start":{"line":55,"column":4},"end":{"line":57,"column":null}},"type":"if","locations":[{"start":{"line":55,"column":4},"end":{"line":57,"column":null}},{"start":{},"end":{}}]},"4":{"loc":{"start":{"line":66,"column":51},"end":{"line":66,"column":null}},"type":"cond-expr","locations":[{"start":{"line":66,"column":76},"end":{"line":66,"column":89}},{"start":{"line":66,"column":92},"end":{"line":66,"column":null}}]},"5":{"loc":{"start":{"line":90,"column":10},"end":{"line":96,"column":11}},"type":"cond-expr","locations":[{"start":{"line":90,"column":10},"end":{"line":96,"column":11}}]},"6":{"loc":{"start":{"line":89,"column":9},"end":{"line":89,"column":54}},"type":"binary-expr","locations":[{"start":{"line":89,"column":9},"end":{"line":89,"column":29}},{"start":{"line":89,"column":33},"end":{"line":89,"column":54}}]},"7":{"loc":{"start":{"line":102,"column":59},"end":{"line":102,"column":95}},"type":"cond-expr","locations":[{"start":{"line":102,"column":78},"end":{"line":102,"column":92}},{"start":{"line":102,"column":92},"end":{"line":102,"column":95}}]},"8":{"loc":{"start":{"line":112,"column":17},"end":{"line":112,"column":null}},"type":"cond-expr","locations":[{"start":{"line":112,"column":36},"end":{"line":112,"column":47}},{"start":{"line":112,"column":47},"end":{"line":112,"column":null}}]},"9":{"loc":{"start":{"line":177,"column":13},"end":{"line":177,"column":null}},"type":"binary-expr","locations":[{"start":{"line":177,"column":13},"end":{"line":177,"column":null}}]},"10":{"loc":{"start":{"line":200,"column":7},"end":{"line":200,"column":null}},"type":"binary-expr","locations":[{"start":{"line":200,"column":7},"end":{"line":200,"column":null}}]}},"s":{"0":0,"1":0,"2":0,"3":0,"4":0,"5":0,"6":0,"7":0,"8":0,"9":0,"10":0,"11":0,"12":0,"13":0,"14":0,"15":0,"16":0,"17":0,"18":0,"19":0,"20":0,"21":0,"22":0,"23":0,"24":0,"25":0,"26":0,"27":0,"28":0,"29":0,"30":0,"31":0,"32":0,"33":0,"34":0,"35":0,"36":0},"f":{"0":0,"1":0,"2":0,"3":0,"4":0,"5":0,"6":0,"7":0},"b":{"0":[0,0],"1":[0,0],"2":[0,0],"3":[0,0],"4":[0,0],"5":[0],"6":[0,0],"7":[0,0],"8":[0,0],"9":[0],"10":[0]}}
,"/Users/joshtuddenham/Projects/Wooster/src/components/DestinationFullList.tsx": {"path":"/Users/joshtuddenham/Projects/Wooster/src/components/DestinationFullList.tsx","statementMap":{"0":{"start":{"line":6,"column":20},"end":{"line":6,"column":null}},"1":{"start":{"line":7,"column":38},"end":{"line":7,"column":null}}},"fnMap":{"0":{"name":"DestinationFullList","decl":{"start":{"line":5,"column":9},"end":{"line":5,"column":null}},"loc":{"start":{"line":5,"column":9},"end":{"line":30,"column":null}}}},"branchMap":{"0":{"loc":{"start":{"line":13,"column":8},"end":{"line":15,"column":9}},"type":"cond-expr","locations":[{"start":{"line":13,"column":8},"end":{"line":15,"column":9}}]}},"s":{"0":0,"1":0},"f":{"0":0},"b":{"0":[0]}}
,"/Users/joshtuddenham/Projects/Wooster/src/components/DestinationList.tsx": {"path":"/Users/joshtuddenham/Projects/Wooster/src/components/DestinationList.tsx","statementMap":{"0":{"start":{"line":11,"column":20},"end":{"line":11,"column":null}},"1":{"start":{"line":12,"column":38},"end":{"line":12,"column":null}},"2":{"start":{"line":13,"column":54},"end":{"line":13,"column":null}},"3":{"start":{"line":14,"column":48},"end":{"line":14,"column":87}},"4":{"start":{"line":17,"column":4},"end":{"line":18,"column":null}},"5":{"start":{"line":18,"column":6},"end":{"line":18,"column":null}},"6":{"start":{"line":22,"column":2},"end":{"line":41,"column":null}},"7":{"start":{"line":25,"column":27},"end":{"line":25,"column":45}},"8":{"start":{"line":26,"column":26},"end":{"line":26,"column":43}},"9":{"start":{"line":27,"column":29},"end":{"line":27,"column":49}},"10":{"start":{"line":28,"column":28},"end":{"line":28,"column":47}},"11":{"start":{"line":29,"column":6},"end":{"line":29,"column":null}},"12":{"start":{"line":32,"column":4},"end":{"line":32,"column":25}},"13":{"start":{"line":35,"column":4},"end":{"line":35,"column":null}},"14":{"start":{"line":38,"column":4},"end":{"line":40,"column":null}},"15":{"start":{"line":39,"column":6},"end":{"line":39,"column":null}}},"fnMap":{"0":{"name":"DestinationList","decl":{"start":{"line":10,"column":9},"end":{"line":10,"column":null}},"loc":{"start":{"line":10,"column":9},"end":{"line":91,"column":null}}},"1":{"name":"handleButtonClick","decl":{"start":{"line":16,"column":11},"end":{"line":16,"column":29}},"loc":{"start":{"line":16,"column":53},"end":{"line":20,"column":null}}},"2":{"name":"(anonymous_2)","decl":{"start":{"line":17,"column":26},"end":{"line":17,"column":27}},"loc":{"start":{"line":18,"column":6},"end":{"line":18,"column":null}}},"3":{"name":"(anonymous_3)","decl":{"start":{"line":22,"column":12},"end":{"line":22,"column":null}},"loc":{"start":{"line":22,"column":12},"end":{"line":41,"column":5}}},"4":{"name":"updateGlobeHeight","decl":{"start":{"line":24,"column":13},"end":{"line":24,"column":null}},"loc":{"start":{"line":24,"column":13},"end":{"line":30,"column":null}}},"5":{"name":"(anonymous_5)","decl":{"start":{"line":38,"column":11},"end":{"line":38,"column":null}},"loc":{"start":{"line":38,"column":11},"end":{"line":40,"column":null}}}},"branchMap":{"0":{"loc":{"start":{"line":18,"column":6},"end":{"line":18,"column":null}},"type":"cond-expr","locations":[{"start":{"line":18,"column":78},"end":{"line":18,"column":85}},{"start":{"line":18,"column":85},"end":{"line":18,"column":null}}]},"1":{"loc":{"start":{"line":50,"column":12},"end":{"line":52,"column":13}},"type":"cond-expr","locations":[{"start":{"line":50,"column":12},"end":{"line":52,"column":13}}]},"2":{"loc":{"start":{"line":64,"column":34},"end":{"line":64,"column":null}},"type":"binary-expr","locations":[{"start":{"line":64,"column":34},"end":{"line":64,"column":72}},{"start":{"line":64,"column":72},"end":{"line":64,"column":null}}]},"3":{"loc":{"start":{"line":75,"column":12},"end":{"line":82,"column":13}},"type":"cond-expr","locations":[{"start":{"line":75,"column":12},"end":{"line":82,"column":13}}]}},"s":{"0":0,"1":0,"2":0,"3":0,"4":0,"5":0,"6":0,"7":0,"8":0,"9":0,"10":0,"11":0,"12":0,"13":0,"14":0,"15":0},"f":{"0":0,"1":0,"2":0,"3":0,"4":0,"5":0},"b":{"0":[0,0],"1":[0],"2":[0,0],"3":[0]}}
,"/Users/joshtuddenham/Projects/Wooster/src/components/Footer.tsx": {"path":"/Users/joshtuddenham/Projects/Wooster/src/components/Footer.tsx","statementMap":{},"fnMap":{"0":{"name":"Footer","decl":{"start":{"line":1,"column":24},"end":{"line":1,"column":null}},"loc":{"start":{"line":1,"column":24},"end":{"line":8,"column":null}}}},"branchMap":{},"s":{},"f":{"0":0},"b":{}}
,"/Users/joshtuddenham/Projects/Wooster/src/components/Header.tsx": {"path":"/Users/joshtuddenham/Projects/Wooster/src/components/Header.tsx","statementMap":{},"fnMap":{"0":{"name":"Header","decl":{"start":{"line":5,"column":9},"end":{"line":5,"column":16}},"loc":{"start":{"line":5,"column":41},"end":{"line":7,"column":null}}}},"branchMap":{},"s":{},"f":{"0":0},"b":{}}
,"/Users/joshtuddenham/Projects/Wooster/src/components/Logo.tsx": {"path":"/Users/joshtuddenham/Projects/Wooster/src/components/Logo.tsx","statementMap":{},"fnMap":{"0":{"name":"Logo","decl":{"start":{"line":10,"column":9},"end":{"line":10,"column":14}},"loc":{"start":{"line":10,"column":55},"end":{"line":26,"column":null}}}},"branchMap":{"0":{"loc":{"start":{"line":12,"column":4},"end":{"line":20,"column":5}},"type":"cond-expr","locations":[{"start":{"line":12,"column":4},"end":{"line":20,"column":5}}]},"1":{"loc":{"start":{"line":21,"column":11},"end":{"line":21,"column":null}},"type":"cond-expr","locations":[{"start":{"line":21,"column":19},"end":{"line":21,"column":27}},{"start":{"line":21,"column":27},"end":{"line":21,"column":null}}]}},"s":{},"f":{"0":0},"b":{"0":[0],"1":[0,0]}}
,"/Users/joshtuddenham/Projects/Wooster/src/components/Map.tsx": {"path":"/Users/joshtuddenham/Projects/Wooster/src/components/Map.tsx","statementMap":{"0":{"start":{"line":11,"column":0},"end":{"line":15,"column":null}},"1":{"start":{"line":28,"column":25},"end":{"line":36,"column":null}},"2":{"start":{"line":29,"column":2},"end":{"line":36,"column":null}},"3":{"start":{"line":39,"column":16},"end":{"line":67,"column":null}},"4":{"start":{"line":70,"column":22},"end":{"line":85,"column":null}},"5":{"start":{"line":71,"column":14},"end":{"line":71,"column":null}},"6":{"start":{"line":73,"column":2},"end":{"line":82,"column":null}},"7":{"start":{"line":74,"column":4},"end":{"line":81,"column":null}},"8":{"start":{"line":75,"column":21},"end":{"line":76,"column":null}},"9":{"start":{"line":76,"column":37},"end":{"line":76,"column":null}},"10":{"start":{"line":78,"column":6},"end":{"line":78,"column":null}},"11":{"start":{"line":79,"column":11},"end":{"line":81,"column":null}},"12":{"start":{"line":80,"column":6},"end":{"line":80,"column":null}},"13":{"start":{"line":84,"column":2},"end":{"line":84,"column":null}},"14":{"start":{"line":88,"column":12},"end":{"line":150,"column":null}},"15":{"start":{"line":101,"column":19},"end":{"line":101,"column":null}},"16":{"start":{"line":103,"column":4},"end":{"line":109,"column":null}},"17":{"start":{"line":103,"column":36},"end":{"line":109,"column":null}},"18":{"start":{"line":105,"column":8},"end":{"line":107,"column":null}},"19":{"start":{"line":106,"column":10},"end":{"line":106,"column":null}},"20":{"start":{"line":112,"column":6},"end":{"line":114,"column":null}},"21":{"start":{"line":116,"column":4},"end":{"line":124,"column":null}},"22":{"start":{"line":117,"column":6},"end":{"line":123,"column":null}},"23":{"start":{"line":118,"column":25},"end":{"line":118,"column":null}},"24":{"start":{"line":118,"column":50},"end":{"line":118,"column":null}},"25":{"start":{"line":119,"column":8},"end":{"line":122,"column":null}},"26":{"start":{"line":120,"column":25},"end":{"line":120,"column":null}},"27":{"start":{"line":121,"column":10},"end":{"line":121,"column":null}}},"fnMap":{"0":{"name":"(anonymous_0)","decl":{"start":{"line":28,"column":25},"end":{"line":28,"column":26}},"loc":{"start":{"line":29,"column":2},"end":{"line":36,"column":null}}},"1":{"name":"(anonymous_1)","decl":{"start":{"line":39,"column":16},"end":{"line":39,"column":17}},"loc":{"start":{"line":45,"column":1},"end":{"line":67,"column":null}}},"2":{"name":"(anonymous_3)","decl":{"start":{"line":70,"column":22},"end":{"line":70,"column":23}},"loc":{"start":{"line":70,"column":77},"end":{"line":85,"column":null}}},"3":{"name":"(anonymous_4)","decl":{"start":{"line":73,"column":12},"end":{"line":73,"column":null}},"loc":{"start":{"line":73,"column":12},"end":{"line":82,"column":5}}},"4":{"name":"(anonymous_5)","decl":{"start":{"line":76,"column":23},"end":{"line":76,"column":24}},"loc":{"start":{"line":76,"column":37},"end":{"line":76,"column":null}}},"5":{"name":"(anonymous_6)","decl":{"start":{"line":89,"column":2},"end":{"line":89,"column":null}},"loc":{"start":{"line":99,"column":4},"end":{"line":150,"column":null}}},"6":{"name":"(anonymous_7)","decl":{"start":{"line":103,"column":29},"end":{"line":103,"column":36}},"loc":{"start":{"line":103,"column":36},"end":{"line":109,"column":null}}},"7":{"name":"(anonymous_8)","decl":{"start":{"line":104,"column":13},"end":{"line":104,"column":14}},"loc":{"start":{"line":104,"column":42},"end":{"line":108,"column":null}}},"8":{"name":"(anonymous_9)","decl":{"start":{"line":116,"column":14},"end":{"line":116,"column":null}},"loc":{"start":{"line":116,"column":14},"end":{"line":124,"column":7}}},"9":{"name":"(anonymous_10)","decl":{"start":{"line":118,"column":41},"end":{"line":118,"column":42}},"loc":{"start":{"line":118,"column":50},"end":{"line":118,"column":null}}}},"branchMap":{"0":{"loc":{"start":{"line":53,"column":12},"end":{"line":55,"column":null}},"type":"cond-expr","locations":[{"start":{"line":54,"column":16},"end":{"line":54,"column":null}},{"start":{"line":55,"column":16},"end":{"line":55,"column":null}}]},"1":{"loc":{"start":{"line":74,"column":4},"end":{"line":81,"column":null}},"type":"if","locations":[{"start":{"line":74,"column":4},"end":{"line":81,"column":null}},{"start":{"line":79,"column":11},"end":{"line":81,"column":null}}]},"2":{"loc":{"start":{"line":74,"column":8},"end":{"line":74,"column":45}},"type":"binary-expr","locations":[{"start":{"line":74,"column":8},"end":{"line":74,"column":22}},{"start":{"line":74,"column":22},"end":{"line":74,"column":45}}]},"3":{"loc":{"start":{"line":79,"column":11},"end":{"line":81,"column":null}},"type":"if","locations":[{"start":{"line":79,"column":11},"end":{"line":81,"column":null}},{"start":{},"end":{}}]},"4":{"loc":{"start":{"line":79,"column":15},"end":{"line":79,"column":38}},"type":"binary-expr","locations":[{"start":{"line":79,"column":15},"end":{"line":79,"column":27}},{"start":{"line":79,"column":27},"end":{"line":79,"column":38}}]},"5":{"loc":{"start":{"line":91,"column":6},"end":{"line":91,"column":21}},"type":"default-arg","locations":[{"start":{"line":91,"column":19},"end":{"line":91,"column":21}}]},"6":{"loc":{"start":{"line":92,"column":6},"end":{"line":92,"column":31}},"type":"default-arg","locations":[{"start":{"line":92,"column":27},"end":{"line":92,"column":31}}]},"7":{"loc":{"start":{"line":93,"column":6},"end":{"line":93,"column":18}},"type":"default-arg","locations":[{"start":{"line":93,"column":17},"end":{"line":93,"column":18}}]},"8":{"loc":{"start":{"line":94,"column":6},"end":{"line":94,"column":19}},"type":"default-arg","locations":[{"start":{"line":94,"column":18},"end":{"line":94,"column":19}}]},"9":{"loc":{"start":{"line":96,"column":6},"end":{"line":96,"column":26}},"type":"default-arg","locations":[{"start":{"line":96,"column":22},"end":{"line":96,"column":26}}]},"10":{"loc":{"start":{"line":97,"column":6},"end":{"line":97,"column":29}},"type":"default-arg","locations":[{"start":{"line":97,"column":25},"end":{"line":97,"column":29}}]},"11":{"loc":{"start":{"line":105,"column":8},"end":{"line":107,"column":null}},"type":"if","locations":[{"start":{"line":105,"column":8},"end":{"line":107,"column":null}},{"start":{},"end":{}}]},"12":{"loc":{"start":{"line":112,"column":6},"end":{"line":114,"column":null}},"type":"cond-expr","locations":[{"start":{"line":113,"column":11},"end":{"line":113,"column":null}},{"start":{"line":114,"column":11},"end":{"line":114,"column":null}}]},"13":{"loc":{"start":{"line":117,"column":6},"end":{"line":123,"column":null}},"type":"if","locations":[{"start":{"line":117,"column":6},"end":{"line":123,"column":null}},{"start":{},"end":{}}]},"14":{"loc":{"start":{"line":117,"column":10},"end":{"line":117,"column":46}},"type":"binary-expr","locations":[{"start":{"line":117,"column":10},"end":{"line":117,"column":32}},{"start":{"line":117,"column":32},"end":{"line":117,"column":46}}]},"15":{"loc":{"start":{"line":119,"column":8},"end":{"line":122,"column":null}},"type":"if","locations":[{"start":{"line":119,"column":8},"end":{"line":122,"column":null}},{"start":{},"end":{}}]}},"s":{"0":0,"1":0,"2":0,"3":0,"4":0,"5":0,"6":0,"7":0,"8":0,"9":0,"10":0,"11":0,"12":0,"13":0,"14":0,"15":0,"16":0,"17":0,"18":0,"19":0,"20":0,"21":0,"22":0,"23":0,"24":0,"25":0,"26":0,"27":0},"f":{"0":0,"1":0,"2":0,"3":0,"4":0,"5":0,"6":0,"7":0,"8":0,"9":0},"b":{"0":[0,0],"1":[0,0],"2":[0,0],"3":[0,0],"4":[0,0],"5":[0],"6":[0],"7":[0],"8":[0],"9":[0],"10":[0],"11":[0,0],"12":[0,0],"13":[0,0],"14":[0,0],"15":[0,0]}}
,"/Users/joshtuddenham/Projects/Wooster/src/components/SavedDestinations.tsx": {"path":"/Users/joshtuddenham/Projects/Wooster/src/components/SavedDestinations.tsx","statementMap":{"0":{"start":{"line":13,"column":20},"end":{"line":13,"column":null}},"1":{"start":{"line":14,"column":27},"end":{"line":14,"column":null}},"2":{"start":{"line":26,"column":31},"end":{"line":26,"column":null}}},"fnMap":{"0":{"name":"SavedDestinations","decl":{"start":{"line":12,"column":9},"end":{"line":12,"column":27}},"loc":{"start":{"line":12,"column":94},"end":{"line":43,"column":null}}},"1":{"name":"(anonymous_2)","decl":{"start":{"line":26,"column":25},"end":{"line":26,"column":31}},"loc":{"start":{"line":26,"column":31},"end":{"line":26,"column":null}}}},"branchMap":{"0":{"loc":{"start":{"line":30,"column":18},"end":{"line":32,"column":null}},"type":"cond-expr","locations":[{"start":{"line":31,"column":22},"end":{"line":31,"column":null}},{"start":{"line":32,"column":22},"end":{"line":32,"column":null}}]}},"s":{"0":0,"1":0,"2":0},"f":{"0":0,"1":0},"b":{"0":[0,0]}}
,"/Users/joshtuddenham/Projects/Wooster/src/components/Sidebar.tsx": {"path":"/Users/joshtuddenham/Projects/Wooster/src/components/Sidebar.tsx","statementMap":{},"fnMap":{"0":{"name":"Sidebar","decl":{"start":{"line":5,"column":9},"end":{"line":5,"column":null}},"loc":{"start":{"line":5,"column":9},"end":{"line":15,"column":null}}}},"branchMap":{},"s":{},"f":{"0":0},"b":{}}
,"/Users/joshtuddenham/Projects/Wooster/src/components/SidebarNav.tsx": {"path":"/Users/joshtuddenham/Projects/Wooster/src/components/SidebarNav.tsx","statementMap":{},"fnMap":{"0":{"name":"SidebarNav","decl":{"start":{"line":3,"column":9},"end":{"line":3,"column":null}},"loc":{"start":{"line":3,"column":9},"end":{"line":29,"column":null}}}},"branchMap":{},"s":{},"f":{"0":0},"b":{}}
,"/Users/joshtuddenham/Projects/Wooster/src/components/SidebarNavLink.tsx": {"path":"/Users/joshtuddenham/Projects/Wooster/src/components/SidebarNavLink.tsx","statementMap":{"0":{"start":{"line":13,"column":8},"end":{"line":15,"column":null}}},"fnMap":{"0":{"name":"SidebarNavLink","decl":{"start":{"line":8,"column":9},"end":{"line":8,"column":24}},"loc":{"start":{"line":8,"column":58},"end":{"line":21,"column":null}}},"1":{"name":"(anonymous_1)","decl":{"start":{"line":12,"column":17},"end":{"line":12,"column":18}},"loc":{"start":{"line":13,"column":8},"end":{"line":15,"column":null}}}},"branchMap":{"0":{"loc":{"start":{"line":13,"column":8},"end":{"line":15,"column":null}},"type":"cond-expr","locations":[{"start":{"line":14,"column":12},"end":{"line":14,"column":null}},{"start":{"line":15,"column":12},"end":{"line":15,"column":null}}]}},"s":{"0":0},"f":{"0":0,"1":0},"b":{"0":[0,0]}}
,"/Users/joshtuddenham/Projects/Wooster/src/components/Summary.tsx": {"path":"/Users/joshtuddenham/Projects/Wooster/src/components/Summary.tsx","statementMap":{},"fnMap":{"0":{"name":"Summary","decl":{"start":{"line":1,"column":9},"end":{"line":1,"column":null}},"loc":{"start":{"line":1,"column":9},"end":{"line":3,"column":null}}}},"branchMap":{},"s":{},"f":{"0":0},"b":{}}
,"/Users/joshtuddenham/Projects/Wooster/src/components/TripCard.tsx": {"path":"/Users/joshtuddenham/Projects/Wooster/src/components/TripCard.tsx","statementMap":{"0":{"start":{"line":16,"column":2},"end":{"line":18,"column":null}},"1":{"start":{"line":17,"column":4},"end":{"line":17,"column":17}},"2":{"start":{"line":20,"column":62},"end":{"line":20,"column":null}},"3":{"start":{"line":21,"column":31},"end":{"line":21,"column":null}}},"fnMap":{"0":{"name":"TripCard","decl":{"start":{"line":14,"column":9},"end":{"line":14,"column":18}},"loc":{"start":{"line":14,"column":54},"end":{"line":62,"column":null}}}},"branchMap":{"0":{"loc":{"start":{"line":16,"column":2},"end":{"line":18,"column":null}},"type":"if","locations":[{"start":{"line":16,"column":2},"end":{"line":18,"column":null}},{"start":{},"end":{}}]},"1":{"loc":{"start":{"line":16,"column":6},"end":{"line":16,"column":69}},"type":"binary-expr","locations":[{"start":{"line":16,"column":6},"end":{"line":16,"column":22}},{"start":{"line":16,"column":22},"end":{"line":16,"column":43}},{"start":{"line":16,"column":47},"end":{"line":16,"column":69}}]},"2":{"loc":{"start":{"line":48,"column":32},"end":{"line":48,"column":null}},"type":"cond-expr","locations":[{"start":{"line":48,"column":49},"end":{"line":48,"column":57}},{"start":{"line":48,"column":57},"end":{"line":48,"column":null}}]}},"s":{"0":0,"1":0,"2":0,"3":0},"f":{"0":0},"b":{"0":[0,0],"1":[0,0,0],"2":[0,0]}}
,"/Users/joshtuddenham/Projects/Wooster/src/components/ui/ConfirmModal.tsx": {"path":"/Users/joshtuddenham/Projects/Wooster/src/components/ui/ConfirmModal.tsx","statementMap":{"0":{"start":{"line":22,"column":2},"end":{"line":22,"column":null}},"1":{"start":{"line":22,"column":15},"end":{"line":22,"column":null}}},"fnMap":{"0":{"name":"ConfirmModal","decl":{"start":{"line":13,"column":9},"end":{"line":13,"column":22}},"loc":{"start":{"line":21,"column":20},"end":{"line":40,"column":null}}}},"branchMap":{"0":{"loc":{"start":{"line":22,"column":2},"end":{"line":22,"column":null}},"type":"if","locations":[{"start":{"line":22,"column":2},"end":{"line":22,"column":null}},{"start":{},"end":{}}]}},"s":{"0":0,"1":0},"f":{"0":0},"b":{"0":[0,0]}}
,"/Users/joshtuddenham/Projects/Wooster/src/components/ui/Modal.tsx": {"path":"/Users/joshtuddenham/Projects/Wooster/src/components/ui/Modal.tsx","statementMap":{"0":{"start":{"line":2,"column":2},"end":{"line":2,"column":null}},"1":{"start":{"line":2,"column":15},"end":{"line":2,"column":null}}},"fnMap":{"0":{"name":"Modal","decl":{"start":{"line":1,"column":9},"end":{"line":1,"column":15}},"loc":{"start":{"line":1,"column":56},"end":{"line":14,"column":null}}}},"branchMap":{"0":{"loc":{"start":{"line":2,"column":2},"end":{"line":2,"column":null}},"type":"if","locations":[{"start":{"line":2,"column":2},"end":{"line":2,"column":null}},{"start":{},"end":{}}]}},"s":{"0":0,"1":0},"f":{"0":0},"b":{"0":[0,0]}}
,"/Users/joshtuddenham/Projects/Wooster/src/components/ui/alert-dialog.tsx": {"path":"/Users/joshtuddenham/Projects/Wooster/src/components/ui/alert-dialog.tsx","statementMap":{"0":{"start":{"line":7,"column":20},"end":{"line":7,"column":45}},"1":{"start":{"line":9,"column":27},"end":{"line":9,"column":55}},"2":{"start":{"line":11,"column":26},"end":{"line":11,"column":53}},"3":{"start":{"line":26,"column":0},"end":{"line":26,"column":null}},"4":{"start":{"line":44,"column":0},"end":{"line":44,"column":null}},"5":{"start":{"line":49,"column":0},"end":{"line":49,"column":null}},"6":{"start":{"line":57,"column":0},"end":{"line":57,"column":null}},"7":{"start":{"line":69,"column":0},"end":{"line":69,"column":null}},"8":{"start":{"line":81,"column":0},"end":{"line":81,"column":null}},"9":{"start":{"line":89,"column":0},"end":{"line":89,"column":null}},"10":{"start":{"line":101,"column":0},"end":{"line":101,"column":null}}},"fnMap":{},"branchMap":{},"s":{"0":0,"1":0,"2":0,"3":0,"4":0,"5":0,"6":0,"7":0,"8":0,"9":0,"10":0},"f":{},"b":{}}
,"/Users/joshtuddenham/Projects/Wooster/src/components/ui/badge.tsx": {"path":"/Users/joshtuddenham/Projects/Wooster/src/components/ui/badge.tsx","statementMap":{"0":{"start":{"line":6,"column":22},"end":{"line":23,"column":null}}},"fnMap":{"0":{"name":"Badge","decl":{"start":{"line":30,"column":9},"end":{"line":30,"column":15}},"loc":{"start":{"line":30,"column":59},"end":{"line":32,"column":null}}}},"branchMap":{},"s":{"0":0},"f":{"0":0},"b":{}}
,"/Users/joshtuddenham/Projects/Wooster/src/components/ui/button.tsx": {"path":"/Users/joshtuddenham/Projects/Wooster/src/components/ui/button.tsx","statementMap":{"0":{"start":{"line":7,"column":23},"end":{"line":35,"column":null}},"1":{"start":{"line":44,"column":15},"end":{"line":50,"column":null}},"2":{"start":{"line":46,"column":17},"end":{"line":46,"column":null}},"3":{"start":{"line":52,"column":0},"end":{"line":52,"column":null}}},"fnMap":{"0":{"name":"(anonymous_0)","decl":{"start":{"line":45,"column":2},"end":{"line":45,"column":3}},"loc":{"start":{"line":45,"column":60},"end":{"line":50,"column":null}}}},"branchMap":{"0":{"loc":{"start":{"line":45,"column":31},"end":{"line":45,"column":46}},"type":"default-arg","locations":[{"start":{"line":45,"column":41},"end":{"line":45,"column":46}}]},"1":{"loc":{"start":{"line":46,"column":17},"end":{"line":46,"column":null}},"type":"cond-expr","locations":[{"start":{"line":46,"column":27},"end":{"line":46,"column":34}},{"start":{"line":46,"column":34},"end":{"line":46,"column":null}}]}},"s":{"0":0,"1":0,"2":0,"3":0},"f":{"0":0},"b":{"0":[0],"1":[0,0]}}
,"/Users/joshtuddenham/Projects/Wooster/src/components/ui/calendar.tsx": {"path":"/Users/joshtuddenham/Projects/Wooster/src/components/ui/calendar.tsx","statementMap":{"0":{"start":{"line":58,"column":0},"end":{"line":58,"column":null}}},"fnMap":{"0":{"name":"Calendar","decl":{"start":{"line":10,"column":9},"end":{"line":10,"column":18}},"loc":{"start":{"line":10,"column":92},"end":{"line":57,"column":null}}}},"branchMap":{"0":{"loc":{"start":{"line":10,"column":43},"end":{"line":10,"column":65}},"type":"default-arg","locations":[{"start":{"line":10,"column":61},"end":{"line":10,"column":65}}]}},"s":{"0":0},"f":{"0":0},"b":{"0":[0]}}
,"/Users/joshtuddenham/Projects/Wooster/src/components/ui/card.tsx": {"path":"/Users/joshtuddenham/Projects/Wooster/src/components/ui/card.tsx","statementMap":{"0":{"start":{"line":17,"column":0},"end":{"line":17,"column":null}},"1":{"start":{"line":24,"column":0},"end":{"line":24,"column":null}},"2":{"start":{"line":35,"column":0},"end":{"line":35,"column":null}},"3":{"start":{"line":47,"column":0},"end":{"line":47,"column":null}},"4":{"start":{"line":54,"column":0},"end":{"line":54,"column":null}},"5":{"start":{"line":61,"column":0},"end":{"line":61,"column":null}}},"fnMap":{},"branchMap":{},"s":{"0":0,"1":0,"2":0,"3":0,"4":0,"5":0},"f":{},"b":{}}
,"/Users/joshtuddenham/Projects/Wooster/src/components/ui/form.tsx": {"path":"/Users/joshtuddenham/Projects/Wooster/src/components/ui/form.tsx","statementMap":{"0":{"start":{"line":16,"column":13},"end":{"line":16,"column":null}},"1":{"start":{"line":25,"column":25},"end":{"line":25,"column":null}},"2":{"start":{"line":27,"column":18},"end":{"line":38,"column":null}},"3":{"start":{"line":40,"column":21},"end":{"line":61,"column":null}},"4":{"start":{"line":41,"column":23},"end":{"line":41,"column":null}},"5":{"start":{"line":42,"column":22},"end":{"line":42,"column":null}},"6":{"start":{"line":43,"column":39},"end":{"line":43,"column":null}},"7":{"start":{"line":45,"column":21},"end":{"line":45,"column":null}},"8":{"start":{"line":47,"column":2},"end":{"line":49,"column":null}},"9":{"start":{"line":48,"column":4},"end":{"line":48,"column":null}},"10":{"start":{"line":51,"column":17},"end":{"line":51,"column":null}},"11":{"start":{"line":53,"column":2},"end":{"line":60,"column":null}},"12":{"start":{"line":67,"column":24},"end":{"line":67,"column":null}},"13":{"start":{"line":69,"column":17},"end":{"line":78,"column":null}},"14":{"start":{"line":71,"column":15},"end":{"line":71,"column":null}},"15":{"start":{"line":80,"column":0},"end":{"line":80,"column":null}},"16":{"start":{"line":82,"column":18},"end":{"line":96,"column":null}},"17":{"start":{"line":86,"column":32},"end":{"line":86,"column":null}},"18":{"start":{"line":97,"column":0},"end":{"line":97,"column":null}},"19":{"start":{"line":99,"column":20},"end":{"line":114,"column":null}},"20":{"start":{"line":103,"column":66},"end":{"line":103,"column":null}},"21":{"start":{"line":115,"column":0},"end":{"line":115,"column":null}},"22":{"start":{"line":117,"column":24},"end":{"line":131,"column":null}},"23":{"start":{"line":121,"column":32},"end":{"line":121,"column":null}},"24":{"start":{"line":132,"column":0},"end":{"line":132,"column":null}},"25":{"start":{"line":134,"column":20},"end":{"line":155,"column":null}},"26":{"start":{"line":138,"column":35},"end":{"line":138,"column":null}},"27":{"start":{"line":139,"column":15},"end":{"line":139,"column":null}},"28":{"start":{"line":141,"column":2},"end":{"line":143,"column":null}},"29":{"start":{"line":142,"column":4},"end":{"line":142,"column":null}},"30":{"start":{"line":156,"column":0},"end":{"line":156,"column":null}}},"fnMap":{"0":{"name":"(anonymous_0)","decl":{"start":{"line":27,"column":18},"end":{"line":27,"column":null}},"loc":{"start":{"line":32,"column":39},"end":{"line":38,"column":null}}},"1":{"name":"(anonymous_1)","decl":{"start":{"line":40,"column":21},"end":{"line":40,"column":null}},"loc":{"start":{"line":40,"column":21},"end":{"line":61,"column":null}}},"2":{"name":"(anonymous_2)","decl":{"start":{"line":70,"column":2},"end":{"line":70,"column":3}},"loc":{"start":{"line":70,"column":28},"end":{"line":78,"column":null}}},"3":{"name":"(anonymous_3)","decl":{"start":{"line":85,"column":2},"end":{"line":85,"column":3}},"loc":{"start":{"line":85,"column":28},"end":{"line":96,"column":null}}},"4":{"name":"(anonymous_4)","decl":{"start":{"line":102,"column":2},"end":{"line":102,"column":3}},"loc":{"start":{"line":102,"column":17},"end":{"line":114,"column":null}}},"5":{"name":"(anonymous_5)","decl":{"start":{"line":120,"column":2},"end":{"line":120,"column":3}},"loc":{"start":{"line":120,"column":28},"end":{"line":131,"column":null}}},"6":{"name":"(anonymous_6)","decl":{"start":{"line":137,"column":2},"end":{"line":137,"column":3}},"loc":{"start":{"line":137,"column":38},"end":{"line":155,"column":null}}}},"branchMap":{"0":{"loc":{"start":{"line":47,"column":2},"end":{"line":49,"column":null}},"type":"if","locations":[{"start":{"line":47,"column":2},"end":{"line":49,"column":null}},{"start":{},"end":{}}]},"1":{"loc":{"start":{"line":91,"column":20},"end":{"line":91,"column":63}},"type":"binary-expr","locations":[{"start":{"line":91,"column":20},"end":{"line":91,"column":29}},{"start":{"line":91,"column":29},"end":{"line":91,"column":63}}]},"2":{"loc":{"start":{"line":109,"column":24},"end":{"line":109,"column":97}},"type":"cond-expr","locations":[{"start":{"line":109,"column":33},"end":{"line":109,"column":55}},{"start":{"line":109,"column":58},"end":{"line":109,"column":97}}]},"3":{"loc":{"start":{"line":139,"column":15},"end":{"line":139,"column":null}},"type":"cond-expr","locations":[{"start":{"line":139,"column":23},"end":{"line":139,"column":48}},{"start":{"line":139,"column":48},"end":{"line":139,"column":null}}]},"4":{"loc":{"start":{"line":141,"column":2},"end":{"line":143,"column":null}},"type":"if","locations":[{"start":{"line":141,"column":2},"end":{"line":143,"column":null}},{"start":{},"end":{}}]}},"s":{"0":0,"1":0,"2":0,"3":0,"4":0,"5":0,"6":0,"7":0,"8":0,"9":0,"10":0,"11":0,"12":0,"13":0,"14":0,"15":0,"16":0,"17":0,"18":0,"19":0,"20":0,"21":0,"22":0,"23":0,"24":0,"25":0,"26":0,"27":0,"28":0,"29":0,"30":0},"f":{"0":0,"1":0,"2":0,"3":0,"4":0,"5":0,"6":0},"b":{"0":[0,0],"1":[0,0],"2":[0,0],"3":[0,0],"4":[0,0]}}
,"/Users/joshtuddenham/Projects/Wooster/src/components/ui/input.tsx": {"path":"/Users/joshtuddenham/Projects/Wooster/src/components/ui/input.tsx","statementMap":{"0":{"start":{"line":7,"column":14},"end":{"line":20,"column":null}},"1":{"start":{"line":22,"column":0},"end":{"line":22,"column":null}}},"fnMap":{"0":{"name":"(anonymous_0)","decl":{"start":{"line":8,"column":2},"end":{"line":8,"column":3}},"loc":{"start":{"line":8,"column":34},"end":{"line":20,"column":null}}}},"branchMap":{},"s":{"0":0,"1":0},"f":{"0":0},"b":{}}
,"/Users/joshtuddenham/Projects/Wooster/src/components/ui/label.tsx": {"path":"/Users/joshtuddenham/Projects/Wooster/src/components/ui/label.tsx","statementMap":{"0":{"start":{"line":7,"column":22},"end":{"line":8,"column":null}},"1":{"start":{"line":17,"column":0},"end":{"line":17,"column":null}}},"fnMap":{},"branchMap":{},"s":{"0":0,"1":0},"f":{},"b":{}}
,"/Users/joshtuddenham/Projects/Wooster/src/components/ui/popover.tsx": {"path":"/Users/joshtuddenham/Projects/Wooster/src/components/ui/popover.tsx","statementMap":{"0":{"start":{"line":6,"column":16},"end":{"line":6,"column":37}},"1":{"start":{"line":8,"column":23},"end":{"line":8,"column":47}},"2":{"start":{"line":27,"column":0},"end":{"line":27,"column":null}}},"fnMap":{},"branchMap":{"0":{"loc":{"start":{"line":13,"column":16},"end":{"line":13,"column":32}},"type":"default-arg","locations":[{"start":{"line":13,"column":24},"end":{"line":13,"column":32}}]},"1":{"loc":{"start":{"line":13,"column":34},"end":{"line":13,"column":48}},"type":"default-arg","locations":[{"start":{"line":13,"column":47},"end":{"line":13,"column":48}}]}},"s":{"0":0,"1":0,"2":0},"f":{},"b":{"0":[0],"1":[0]}}
,"/Users/joshtuddenham/Projects/Wooster/src/components/ui/scroll-area.tsx": {"path":"/Users/joshtuddenham/Projects/Wooster/src/components/ui/scroll-area.tsx","statementMap":{"0":{"start":{"line":22,"column":0},"end":{"line":22,"column":null}},"1":{"start":{"line":42,"column":0},"end":{"line":42,"column":null}}},"fnMap":{},"branchMap":{"0":{"loc":{"start":{"line":27,"column":16},"end":{"line":27,"column":40}},"type":"default-arg","locations":[{"start":{"line":27,"column":30},"end":{"line":27,"column":40}}]},"1":{"loc":{"start":{"line":33,"column":6},"end":{"line":33,"column":null}},"type":"binary-expr","locations":[{"start":{"line":33,"column":6},"end":{"line":33,"column":36}},{"start":{"line":33,"column":36},"end":{"line":33,"column":null}}]},"2":{"loc":{"start":{"line":34,"column":6},"end":{"line":34,"column":null}},"type":"binary-expr","locations":[{"start":{"line":34,"column":6},"end":{"line":34,"column":38}},{"start":{"line":34,"column":38},"end":{"line":34,"column":null}}]}},"s":{"0":0,"1":0},"f":{},"b":{"0":[0],"1":[0,0],"2":[0,0]}}
,"/Users/joshtuddenham/Projects/Wooster/src/components/ui/slider.tsx": {"path":"/Users/joshtuddenham/Projects/Wooster/src/components/ui/slider.tsx","statementMap":{"0":{"start":{"line":21,"column":0},"end":{"line":21,"column":null}}},"fnMap":{},"branchMap":{},"s":{"0":0},"f":{},"b":{}}
,"/Users/joshtuddenham/Projects/Wooster/src/context/AppContext.tsx": {"path":"/Users/joshtuddenham/Projects/Wooster/src/context/AppContext.tsx","statementMap":{"0":{"start":{"line":11,"column":26},"end":{"line":17,"column":13}},"1":{"start":{"line":21,"column":28},"end":{"line":21,"column":null}},"2":{"start":{"line":24,"column":4},"end":{"line":38,"column":null}},"3":{"start":{"line":25,"column":6},"end":{"line":25,"column":null}},"4":{"start":{"line":28,"column":24},"end":{"line":28,"column":null}},"5":{"start":{"line":29,"column":6},"end":{"line":29,"column":null}},"6":{"start":{"line":32,"column":31},"end":{"line":32,"column":null}},"7":{"start":{"line":33,"column":6},"end":{"line":33,"column":null}},"8":{"start":{"line":35,"column":6},"end":{"line":35,"column":null}},"9":{"start":{"line":37,"column":6},"end":{"line":37,"column":null}},"10":{"start":{"line":42,"column":2},"end":{"line":44,"column":null}},"11":{"start":{"line":43,"column":4},"end":{"line":43,"column":null}}},"fnMap":{"0":{"name":"AppProvider","decl":{"start":{"line":20,"column":16},"end":{"line":20,"column":28}},"loc":{"start":{"line":20,"column":58},"end":{"line":47,"column":null}}},"1":{"name":"loadTripsAndDestinationsData","decl":{"start":{"line":23,"column":17},"end":{"line":23,"column":null}},"loc":{"start":{"line":23,"column":17},"end":{"line":39,"column":null}}},"2":{"name":"(anonymous_2)","decl":{"start":{"line":42,"column":12},"end":{"line":42,"column":null}},"loc":{"start":{"line":42,"column":12},"end":{"line":44,"column":5}}}},"branchMap":{},"s":{"0":0,"1":0,"2":0,"3":0,"4":0,"5":0,"6":0,"7":0,"8":0,"9":0,"10":0,"11":0},"f":{"0":0,"1":0,"2":0},"b":{}}
,"/Users/joshtuddenham/Projects/Wooster/src/context/AuthContext.tsx": {"path":"/Users/joshtuddenham/Projects/Wooster/src/context/AuthContext.tsx","statementMap":{"0":{"start":{"line":17,"column":20},"end":{"line":17,"column":null}},"1":{"start":{"line":20,"column":48},"end":{"line":20,"column":null}},"2":{"start":{"line":23,"column":4},"end":{"line":25,"column":null}},"3":{"start":{"line":24,"column":6},"end":{"line":24,"column":null}},"4":{"start":{"line":29,"column":4},"end":{"line":29,"column":null}},"5":{"start":{"line":40,"column":18},"end":{"line":40,"column":null}},"6":{"start":{"line":41,"column":2},"end":{"line":43,"column":null}},"7":{"start":{"line":42,"column":4},"end":{"line":42,"column":null}},"8":{"start":{"line":44,"column":2},"end":{"line":44,"column":null}}},"fnMap":{"0":{"name":"AuthProvider","decl":{"start":{"line":19,"column":9},"end":{"line":19,"column":22}},"loc":{"start":{"line":19,"column":53},"end":{"line":37,"column":null}}},"1":{"name":"login","decl":{"start":{"line":22,"column":11},"end":{"line":22,"column":17}},"loc":{"start":{"line":22,"column":48},"end":{"line":26,"column":null}}},"2":{"name":"logout","decl":{"start":{"line":28,"column":11},"end":{"line":28,"column":null}},"loc":{"start":{"line":28,"column":11},"end":{"line":30,"column":null}}},"3":{"name":"useAuth","decl":{"start":{"line":39,"column":9},"end":{"line":39,"column":null}},"loc":{"start":{"line":39,"column":9},"end":{"line":45,"column":null}}}},"branchMap":{"0":{"loc":{"start":{"line":23,"column":4},"end":{"line":25,"column":null}},"type":"if","locations":[{"start":{"line":23,"column":4},"end":{"line":25,"column":null}},{"start":{},"end":{}}]},"1":{"loc":{"start":{"line":23,"column":8},"end":{"line":23,"column":70}},"type":"binary-expr","locations":[{"start":{"line":23,"column":8},"end":{"line":23,"column":34}},{"start":{"line":23,"column":38},"end":{"line":23,"column":70}}]},"2":{"loc":{"start":{"line":41,"column":2},"end":{"line":43,"column":null}},"type":"if","locations":[{"start":{"line":41,"column":2},"end":{"line":43,"column":null}},{"start":{},"end":{}}]}},"s":{"0":0,"1":0,"2":0,"3":0,"4":0,"5":0,"6":0,"7":0,"8":0},"f":{"0":0,"1":0,"2":0,"3":0},"b":{"0":[0,0],"1":[0,0],"2":[0,0]}}
,"/Users/joshtuddenham/Projects/Wooster/src/hooks/useAppContext.ts": {"path":"/Users/joshtuddenham/Projects/Wooster/src/hooks/useAppContext.ts","statementMap":{"0":{"start":{"line":4,"column":29},"end":{"line":12,"column":2}},"1":{"start":{"line":5,"column":18},"end":{"line":5,"column":null}},"2":{"start":{"line":7,"column":2},"end":{"line":9,"column":null}},"3":{"start":{"line":8,"column":4},"end":{"line":8,"column":null}},"4":{"start":{"line":11,"column":2},"end":{"line":11,"column":null}}},"fnMap":{"0":{"name":"(anonymous_0)","decl":{"start":{"line":4,"column":29},"end":{"line":4,"column":null}},"loc":{"start":{"line":4,"column":29},"end":{"line":12,"column":2}}}},"branchMap":{"0":{"loc":{"start":{"line":7,"column":2},"end":{"line":9,"column":null}},"type":"if","locations":[{"start":{"line":7,"column":2},"end":{"line":9,"column":null}},{"start":{},"end":{}}]}},"s":{"0":0,"1":0,"2":0,"3":0,"4":0},"f":{"0":0},"b":{"0":[0,0]}}
,"/Users/joshtuddenham/Projects/Wooster/src/lib/utils.ts": {"path":"/Users/joshtuddenham/Projects/Wooster/src/lib/utils.ts","statementMap":{"0":{"start":{"line":5,"column":2},"end":{"line":5,"column":null}}},"fnMap":{"0":{"name":"cn","decl":{"start":{"line":4,"column":16},"end":{"line":4,"column":19}},"loc":{"start":{"line":4,"column":42},"end":{"line":6,"column":null}}}},"branchMap":{},"s":{"0":0},"f":{"0":0},"b":{}}
,"/Users/joshtuddenham/Projects/Wooster/src/pages/AppLayout.tsx": {"path":"/Users/joshtuddenham/Projects/Wooster/src/pages/AppLayout.tsx","statementMap":{},"fnMap":{"0":{"name":"AppLayout","decl":{"start":{"line":14,"column":9},"end":{"line":14,"column":null}},"loc":{"start":{"line":14,"column":9},"end":{"line":43,"column":null}}}},"branchMap":{},"s":{},"f":{"0":0},"b":{}}
,"/Users/joshtuddenham/Projects/Wooster/src/pages/Dashboard.tsx": {"path":"/Users/joshtuddenham/Projects/Wooster/src/pages/Dashboard.tsx","statementMap":{"0":{"start":{"line":10,"column":20},"end":{"line":10,"column":37}},"1":{"start":{"line":11,"column":45},"end":{"line":11,"column":null}},"2":{"start":{"line":12,"column":56},"end":{"line":12,"column":null}},"3":{"start":{"line":14,"column":25},"end":{"line":19,"column":null}},"4":{"start":{"line":15,"column":18},"end":{"line":15,"column":null}},"5":{"start":{"line":16,"column":4},"end":{"line":18,"column":null}},"6":{"start":{"line":17,"column":24},"end":{"line":17,"column":null}},"7":{"start":{"line":18,"column":22},"end":{"line":18,"column":90}},"8":{"start":{"line":22,"column":22},"end":{"line":22,"column":null}},"9":{"start":{"line":23,"column":33},"end":{"line":27,"column":null}},"10":{"start":{"line":25,"column":38},"end":{"line":25,"column":99}},"11":{"start":{"line":29,"column":33},"end":{"line":31,"column":null}},"12":{"start":{"line":30,"column":4},"end":{"line":30,"column":41}},"13":{"start":{"line":34,"column":2},"end":{"line":36,"column":null}}},"fnMap":{"0":{"name":"Dashboard","decl":{"start":{"line":9,"column":9},"end":{"line":9,"column":null}},"loc":{"start":{"line":9,"column":9},"end":{"line":83,"column":null}}},"1":{"name":"(anonymous_1)","decl":{"start":{"line":14,"column":25},"end":{"line":14,"column":26}},"loc":{"start":{"line":14,"column":26},"end":{"line":19,"column":null}}},"2":{"name":"(anonymous_2)","decl":{"start":{"line":17,"column":14},"end":{"line":17,"column":15}},"loc":{"start":{"line":17,"column":24},"end":{"line":17,"column":null}}},"3":{"name":"(anonymous_3)","decl":{"start":{"line":18,"column":12},"end":{"line":18,"column":13}},"loc":{"start":{"line":18,"column":22},"end":{"line":18,"column":90}}},"4":{"name":"(anonymous_4)","decl":{"start":{"line":25,"column":8},"end":{"line":25,"column":9}},"loc":{"start":{"line":25,"column":38},"end":{"line":25,"column":99}}},"5":{"name":"(anonymous_5)","decl":{"start":{"line":29,"column":33},"end":{"line":29,"column":34}},"loc":{"start":{"line":29,"column":34},"end":{"line":31,"column":null}}}},"branchMap":{"0":{"loc":{"start":{"line":22,"column":22},"end":{"line":22,"column":null}},"type":"cond-expr","locations":[{"start":{"line":22,"column":35},"end":{"line":22,"column":59}},{"start":{"line":22,"column":59},"end":{"line":22,"column":null}}]},"1":{"loc":{"start":{"line":23,"column":33},"end":{"line":27,"column":null}},"type":"cond-expr","locations":[{"start":{"line":24,"column":6},"end":{"line":25,"column":null}},{"start":{"line":27,"column":6},"end":{"line":27,"column":null}}]},"2":{"loc":{"start":{"line":34,"column":2},"end":{"line":36,"column":null}},"type":"if","locations":[{"start":{"line":34,"column":2},"end":{"line":36,"column":null}},{"start":{},"end":{}}]},"3":{"loc":{"start":{"line":61,"column":14},"end":{"line":65,"column":15}},"type":"cond-expr","locations":[{"start":{"line":61,"column":14},"end":{"line":65,"column":15}}]}},"s":{"0":0,"1":0,"2":0,"3":0,"4":0,"5":0,"6":0,"7":0,"8":0,"9":0,"10":0,"11":0,"12":0,"13":0},"f":{"0":0,"1":0,"2":0,"3":0,"4":0,"5":0},"b":{"0":[0,0],"1":[0,0],"2":[0,0],"3":[0]}}
,"/Users/joshtuddenham/Projects/Wooster/src/pages/DestinationSummary.tsx": {"path":"/Users/joshtuddenham/Projects/Wooster/src/pages/DestinationSummary.tsx","statementMap":{"0":{"start":{"line":7,"column":20},"end":{"line":7,"column":null}},"1":{"start":{"line":8,"column":38},"end":{"line":8,"column":null}},"2":{"start":{"line":9,"column":45},"end":{"line":9,"column":null}},"3":{"start":{"line":12,"column":22},"end":{"line":13,"column":null}},"4":{"start":{"line":13,"column":27},"end":{"line":13,"column":null}},"5":{"start":{"line":16,"column":2},"end":{"line":18,"column":null}},"6":{"start":{"line":20,"column":2},"end":{"line":22,"column":null}}},"fnMap":{"0":{"name":"DestinationSummary","decl":{"start":{"line":6,"column":9},"end":{"line":6,"column":null}},"loc":{"start":{"line":6,"column":9},"end":{"line":29,"column":null}}},"1":{"name":"(anonymous_1)","decl":{"start":{"line":13,"column":4},"end":{"line":13,"column":5}},"loc":{"start":{"line":13,"column":27},"end":{"line":13,"column":null}}}},"branchMap":{"0":{"loc":{"start":{"line":16,"column":2},"end":{"line":18,"column":null}},"type":"if","locations":[{"start":{"line":16,"column":2},"end":{"line":18,"column":null}},{"start":{},"end":{}}]},"1":{"loc":{"start":{"line":20,"column":2},"end":{"line":22,"column":null}},"type":"if","locations":[{"start":{"line":20,"column":2},"end":{"line":22,"column":null}},{"start":{},"end":{}}]}},"s":{"0":0,"1":0,"2":0,"3":0,"4":0,"5":0,"6":0},"f":{"0":0,"1":0},"b":{"0":[0,0],"1":[0,0]}}
,"/Users/joshtuddenham/Projects/Wooster/src/pages/Explore.tsx": {"path":"/Users/joshtuddenham/Projects/Wooster/src/pages/Explore.tsx","statementMap":{},"fnMap":{"0":{"name":"Explore","decl":{"start":{"line":7,"column":9},"end":{"line":7,"column":17}},"loc":{"start":{"line":7,"column":43},"end":{"line":13,"column":null}}}},"branchMap":{},"s":{},"f":{"0":0},"b":{}}
,"/Users/joshtuddenham/Projects/Wooster/src/pages/GlobeComponent.tsx": {"path":"/Users/joshtuddenham/Projects/Wooster/src/pages/GlobeComponent.tsx","statementMap":{"0":{"start":{"line":17,"column":54},"end":{"line":106,"column":null}},"1":{"start":{"line":23,"column":18},"end":{"line":23,"column":null}},"2":{"start":{"line":24,"column":27},"end":{"line":24,"column":null}},"3":{"start":{"line":25,"column":2},"end":{"line":25,"column":null}},"4":{"start":{"line":27,"column":17},"end":{"line":34,"column":null}},"5":{"start":{"line":29,"column":6},"end":{"line":33,"column":null}},"6":{"start":{"line":29,"column":71},"end":{"line":33,"column":null}},"7":{"start":{"line":37,"column":29},"end":{"line":41,"column":null}},"8":{"start":{"line":38,"column":4},"end":{"line":40,"column":null}},"9":{"start":{"line":39,"column":6},"end":{"line":39,"column":null}},"10":{"start":{"line":43,"column":2},"end":{"line":47,"column":null}},"11":{"start":{"line":44,"column":4},"end":{"line":46,"column":null}},"12":{"start":{"line":45,"column":6},"end":{"line":45,"column":null}},"13":{"start":{"line":49,"column":2},"end":{"line":97,"column":null}},"14":{"start":{"line":51,"column":27},"end":{"line":51,"column":42}},"15":{"start":{"line":53,"column":18},"end":{"line":81,"column":null}},"16":{"start":{"line":62,"column":8},"end":{"line":62,"column":null}},"17":{"start":{"line":63,"column":19},"end":{"line":63,"column":null}},"18":{"start":{"line":64,"column":8},"end":{"line":79,"column":null}},"19":{"start":{"line":80,"column":8},"end":{"line":80,"column":null}},"20":{"start":{"line":84,"column":4},"end":{"line":86,"column":null}},"21":{"start":{"line":85,"column":6},"end":{"line":85,"column":null}},"22":{"start":{"line":88,"column":4},"end":{"line":88,"column":null}},"23":{"start":{"line":91,"column":4},"end":{"line":96,"column":null}},"24":{"start":{"line":92,"column":6},"end":{"line":94,"column":null}},"25":{"start":{"line":93,"column":8},"end":{"line":93,"column":39}},"26":{"start":{"line":95,"column":6},"end":{"line":95,"column":null}}},"fnMap":{"0":{"name":"(anonymous_0)","decl":{"start":{"line":17,"column":54},"end":{"line":17,"column":55}},"loc":{"start":{"line":22,"column":1},"end":{"line":106,"column":null}}},"1":{"name":"(anonymous_1)","decl":{"start":{"line":28,"column":4},"end":{"line":28,"column":null}},"loc":{"start":{"line":29,"column":6},"end":{"line":33,"column":null}}},"2":{"name":"(anonymous_2)","decl":{"start":{"line":29,"column":23},"end":{"line":29,"column":24}},"loc":{"start":{"line":29,"column":71},"end":{"line":33,"column":null}}},"3":{"name":"(anonymous_3)","decl":{"start":{"line":37,"column":41},"end":{"line":37,"column":42}},"loc":{"start":{"line":37,"column":55},"end":{"line":41,"column":5}}},"4":{"name":"(anonymous_4)","decl":{"start":{"line":43,"column":12},"end":{"line":43,"column":null}},"loc":{"start":{"line":43,"column":12},"end":{"line":47,"column":5}}},"5":{"name":"(anonymous_5)","decl":{"start":{"line":49,"column":12},"end":{"line":49,"column":null}},"loc":{"start":{"line":49,"column":12},"end":{"line":97,"column":5}}},"6":{"name":"(anonymous_6)","decl":{"start":{"line":61,"column":19},"end":{"line":61,"column":20}},"loc":{"start":{"line":61,"column":20},"end":{"line":81,"column":null}}},"7":{"name":"(anonymous_7)","decl":{"start":{"line":91,"column":11},"end":{"line":91,"column":null}},"loc":{"start":{"line":91,"column":11},"end":{"line":96,"column":null}}}},"branchMap":{"0":{"loc":{"start":{"line":18,"column":2},"end":{"line":18,"column":14}},"type":"default-arg","locations":[{"start":{"line":18,"column":11},"end":{"line":18,"column":14}}]},"1":{"loc":{"start":{"line":19,"column":2},"end":{"line":19,"column":13}},"type":"default-arg","locations":[{"start":{"line":19,"column":10},"end":{"line":19,"column":13}}]},"2":{"loc":{"start":{"line":20,"column":2},"end":{"line":20,"column":19}},"type":"default-arg","locations":[{"start":{"line":20,"column":17},"end":{"line":20,"column":19}}]},"3":{"loc":{"start":{"line":21,"column":2},"end":{"line":21,"column":27}},"type":"default-arg","locations":[{"start":{"line":21,"column":23},"end":{"line":21,"column":27}}]},"4":{"loc":{"start":{"line":38,"column":4},"end":{"line":40,"column":null}},"type":"if","locations":[{"start":{"line":38,"column":4},"end":{"line":40,"column":null}},{"start":{},"end":{}}]},"5":{"loc":{"start":{"line":44,"column":4},"end":{"line":46,"column":null}},"type":"if","locations":[{"start":{"line":44,"column":4},"end":{"line":46,"column":null}},{"start":{},"end":{}}]},"6":{"loc":{"start":{"line":84,"column":4},"end":{"line":86,"column":null}},"type":"if","locations":[{"start":{"line":84,"column":4},"end":{"line":86,"column":null}},{"start":{},"end":{}}]},"7":{"loc":{"start":{"line":92,"column":6},"end":{"line":94,"column":null}},"type":"if","locations":[{"start":{"line":92,"column":6},"end":{"line":94,"column":null}},{"start":{},"end":{}}]}},"s":{"0":0,"1":0,"2":0,"3":0,"4":0,"5":0,"6":0,"7":0,"8":0,"9":0,"10":0,"11":0,"12":0,"13":0,"14":0,"15":0,"16":0,"17":0,"18":0,"19":0,"20":0,"21":0,"22":0,"23":0,"24":0,"25":0,"26":0},"f":{"0":0,"1":0,"2":0,"3":0,"4":0,"5":0,"6":0,"7":0},"b":{"0":[0],"1":[0],"2":[0],"3":[0],"4":[0,0],"5":[0,0],"6":[0,0],"7":[0,0]}}
,"/Users/joshtuddenham/Projects/Wooster/src/pages/Homepage.tsx": {"path":"/Users/joshtuddenham/Projects/Wooster/src/pages/Homepage.tsx","statementMap":{},"fnMap":{"0":{"name":"Homepage","decl":{"start":{"line":4,"column":9},"end":{"line":4,"column":null}},"loc":{"start":{"line":4,"column":9},"end":{"line":18,"column":null}}}},"branchMap":{},"s":{},"f":{"0":0},"b":{}}
,"/Users/joshtuddenham/Projects/Wooster/src/pages/ItineraryPage.tsx": {"path":"/Users/joshtuddenham/Projects/Wooster/src/pages/ItineraryPage.tsx","statementMap":{"0":{"start":{"line":15,"column":54},"end":{"line":15,"column":null}},"1":{"start":{"line":16,"column":17},"end":{"line":16,"column":null}},"2":{"start":{"line":18,"column":31},"end":{"line":29,"column":null}},"3":{"start":{"line":19,"column":4},"end":{"line":19,"column":null}},"4":{"start":{"line":21,"column":29},"end":{"line":22,"column":null}},"5":{"start":{"line":22,"column":20},"end":{"line":22,"column":null}},"6":{"start":{"line":26,"column":4},"end":{"line":28,"column":null}},"7":{"start":{"line":27,"column":6},"end":{"line":27,"column":null}},"8":{"start":{"line":51,"column":34},"end":{"line":51,"column":null}}},"fnMap":{"0":{"name":"ItineraryPage","decl":{"start":{"line":14,"column":9},"end":{"line":14,"column":23}},"loc":{"start":{"line":14,"column":57},"end":{"line":60,"column":null}}},"1":{"name":"(anonymous_1)","decl":{"start":{"line":18,"column":31},"end":{"line":18,"column":32}},"loc":{"start":{"line":18,"column":32},"end":{"line":29,"column":null}}},"2":{"name":"(anonymous_2)","decl":{"start":{"line":22,"column":6},"end":{"line":22,"column":7}},"loc":{"start":{"line":22,"column":20},"end":{"line":22,"column":null}}},"3":{"name":"(anonymous_4)","decl":{"start":{"line":51,"column":28},"end":{"line":51,"column":34}},"loc":{"start":{"line":51,"column":34},"end":{"line":51,"column":null}}}},"branchMap":{"0":{"loc":{"start":{"line":26,"column":4},"end":{"line":28,"column":null}},"type":"if","locations":[{"start":{"line":26,"column":4},"end":{"line":28,"column":null}},{"start":{},"end":{}}]},"1":{"loc":{"start":{"line":26,"column":8},"end":{"line":26,"column":42}},"type":"binary-expr","locations":[{"start":{"line":26,"column":8},"end":{"line":26,"column":28}},{"start":{"line":26,"column":28},"end":{"line":26,"column":42}}]}},"s":{"0":0,"1":0,"2":0,"3":0,"4":0,"5":0,"6":0,"7":0,"8":0},"f":{"0":0,"1":0,"2":0,"3":0},"b":{"0":[0,0],"1":[0,0]}}
,"/Users/joshtuddenham/Projects/Wooster/src/pages/Login.tsx": {"path":"/Users/joshtuddenham/Projects/Wooster/src/pages/Login.tsx","statementMap":{"0":{"start":{"line":10,"column":28},"end":{"line":10,"column":null}},"1":{"start":{"line":11,"column":34},"end":{"line":11,"column":null}},"2":{"start":{"line":13,"column":37},"end":{"line":13,"column":null}},"3":{"start":{"line":14,"column":19},"end":{"line":14,"column":null}},"4":{"start":{"line":16,"column":2},"end":{"line":23,"column":null}},"5":{"start":{"line":18,"column":6},"end":{"line":18,"column":null}},"6":{"start":{"line":19,"column":6},"end":{"line":21,"column":null}},"7":{"start":{"line":20,"column":8},"end":{"line":20,"column":null}},"8":{"start":{"line":27,"column":4},"end":{"line":27,"column":null}},"9":{"start":{"line":29,"column":4},"end":{"line":29,"column":null}},"10":{"start":{"line":29,"column":27},"end":{"line":29,"column":null}},"11":{"start":{"line":40,"column":58},"end":{"line":40,"column":84}},"12":{"start":{"line":47,"column":29},"end":{"line":47,"column":null}}},"fnMap":{"0":{"name":"Login","decl":{"start":{"line":7,"column":9},"end":{"line":7,"column":null}},"loc":{"start":{"line":7,"column":9},"end":{"line":58,"column":null}}},"1":{"name":"(anonymous_1)","decl":{"start":{"line":17,"column":4},"end":{"line":17,"column":null}},"loc":{"start":{"line":17,"column":4},"end":{"line":22,"column":null}}},"2":{"name":"handleSubmit","decl":{"start":{"line":26,"column":11},"end":{"line":26,"column":24}},"loc":{"start":{"line":26,"column":25},"end":{"line":30,"column":null}}},"3":{"name":"(anonymous_3)","decl":{"start":{"line":40,"column":51},"end":{"line":40,"column":52}},"loc":{"start":{"line":40,"column":58},"end":{"line":40,"column":84}}},"4":{"name":"(anonymous_4)","decl":{"start":{"line":47,"column":22},"end":{"line":47,"column":23}},"loc":{"start":{"line":47,"column":29},"end":{"line":47,"column":null}}}},"branchMap":{"0":{"loc":{"start":{"line":19,"column":6},"end":{"line":21,"column":null}},"type":"if","locations":[{"start":{"line":19,"column":6},"end":{"line":21,"column":null}},{"start":{},"end":{}}]},"1":{"loc":{"start":{"line":29,"column":4},"end":{"line":29,"column":null}},"type":"if","locations":[{"start":{"line":29,"column":4},"end":{"line":29,"column":null}},{"start":{},"end":{}}]},"2":{"loc":{"start":{"line":29,"column":8},"end":{"line":29,"column":27}},"type":"binary-expr","locations":[{"start":{"line":29,"column":8},"end":{"line":29,"column":17}},{"start":{"line":29,"column":17},"end":{"line":29,"column":27}}]}},"s":{"0":0,"1":0,"2":0,"3":0,"4":0,"5":0,"6":0,"7":0,"8":0,"9":0,"10":0,"11":0,"12":0},"f":{"0":0,"1":0,"2":0,"3":0,"4":0},"b":{"0":[0,0],"1":[0,0],"2":[0,0]}}
,"/Users/joshtuddenham/Projects/Wooster/src/pages/Profile.tsx": {"path":"/Users/joshtuddenham/Projects/Wooster/src/pages/Profile.tsx","statementMap":{"0":{"start":{"line":16,"column":20},"end":{"line":18,"column":null}},"1":{"start":{"line":20,"column":23},"end":{"line":23,"column":null}},"2":{"start":{"line":26,"column":20},"end":{"line":31,"column":null}},"3":{"start":{"line":33,"column":23},"end":{"line":39,"column":null}},"4":{"start":{"line":42,"column":4},"end":{"line":42,"column":null}},"5":{"start":{"line":46,"column":4},"end":{"line":46,"column":null}},"6":{"start":{"line":131,"column":18},"end":{"line":131,"column":null}}},"fnMap":{"0":{"name":"Profile","decl":{"start":{"line":25,"column":9},"end":{"line":25,"column":null}},"loc":{"start":{"line":25,"column":9},"end":{"line":152,"column":null}}},"1":{"name":"onEmailSubmit","decl":{"start":{"line":41,"column":11},"end":{"line":41,"column":25}},"loc":{"start":{"line":41,"column":37},"end":{"line":43,"column":null}}},"2":{"name":"onPasswordSubmit","decl":{"start":{"line":45,"column":11},"end":{"line":45,"column":28}},"loc":{"start":{"line":45,"column":40},"end":{"line":47,"column":null}}},"3":{"name":"(anonymous_6)","decl":{"start":{"line":129,"column":25},"end":{"line":129,"column":null}},"loc":{"start":{"line":129,"column":25},"end":{"line":132,"column":null}}}},"branchMap":{},"s":{"0":0,"1":0,"2":0,"3":0,"4":0,"5":0,"6":0},"f":{"0":0,"1":0,"2":0,"3":0},"b":{}}
,"/Users/joshtuddenham/Projects/Wooster/src/pages/ProtectedRoute.tsx": {"path":"/Users/joshtuddenham/Projects/Wooster/src/pages/ProtectedRoute.tsx","statementMap":{"0":{"start":{"line":10,"column":30},"end":{"line":10,"column":null}},"1":{"start":{"line":11,"column":19},"end":{"line":11,"column":null}},"2":{"start":{"line":13,"column":2},"end":{"line":17,"column":null}},"3":{"start":{"line":15,"column":6},"end":{"line":15,"column":null}},"4":{"start":{"line":15,"column":28},"end":{"line":15,"column":null}},"5":{"start":{"line":20,"column":2},"end":{"line":20,"column":null}}},"fnMap":{"0":{"name":"ProtectedRoute","decl":{"start":{"line":9,"column":9},"end":{"line":9,"column":24}},"loc":{"start":{"line":9,"column":57},"end":{"line":21,"column":null}}},"1":{"name":"(anonymous_1)","decl":{"start":{"line":14,"column":4},"end":{"line":14,"column":null}},"loc":{"start":{"line":14,"column":4},"end":{"line":16,"column":null}}}},"branchMap":{"0":{"loc":{"start":{"line":15,"column":6},"end":{"line":15,"column":null}},"type":"if","locations":[{"start":{"line":15,"column":6},"end":{"line":15,"column":null}},{"start":{},"end":{}}]},"1":{"loc":{"start":{"line":20,"column":9},"end":{"line":20,"column":null}},"type":"cond-expr","locations":[{"start":{"line":20,"column":27},"end":{"line":20,"column":38}},{"start":{"line":20,"column":38},"end":{"line":20,"column":null}}]}},"s":{"0":2,"1":2,"2":2,"3":2,"4":1,"5":2},"f":{"0":2,"1":2},"b":{"0":[1,1],"1":[1,1]}}
,"/Users/joshtuddenham/Projects/Wooster/src/pages/Trip.tsx": {"path":"/Users/joshtuddenham/Projects/Wooster/src/pages/Trip.tsx","statementMap":{"0":{"start":{"line":12,"column":2},"end":{"line":14,"column":null}},"1":{"start":{"line":13,"column":4},"end":{"line":13,"column":null}},"2":{"start":{"line":15,"column":2},"end":{"line":15,"column":null}},"3":{"start":{"line":19,"column":20},"end":{"line":19,"column":null}},"4":{"start":{"line":20,"column":21},"end":{"line":20,"column":null}},"5":{"start":{"line":21,"column":38},"end":{"line":21,"column":51}},"6":{"start":{"line":23,"column":34},"end":{"line":23,"column":null}},"7":{"start":{"line":25,"column":15},"end":{"line":25,"column":null}},"8":{"start":{"line":25,"column":43},"end":{"line":25,"column":null}},"9":{"start":{"line":27,"column":22},"end":{"line":42,"column":null}},"10":{"start":{"line":28,"column":4},"end":{"line":41,"column":null}},"11":{"start":{"line":29,"column":6},"end":{"line":36,"column":null}},"12":{"start":{"line":30,"column":8},"end":{"line":33,"column":null}},"13":{"start":{"line":35,"column":8},"end":{"line":35,"column":null}},"14":{"start":{"line":39,"column":6},"end":{"line":39,"column":null}},"15":{"start":{"line":40,"column":6},"end":{"line":40,"column":null}},"16":{"start":{"line":44,"column":2},"end":{"line":46,"column":null}},"17":{"start":{"line":48,"column":30},"end":{"line":49,"column":null}},"18":{"start":{"line":49,"column":24},"end":{"line":49,"column":68}},"19":{"start":{"line":52,"column":29},"end":{"line":52,"column":null}},"20":{"start":{"line":53,"column":30},"end":{"line":53,"column":90}}},"fnMap":{"0":{"name":"flattenItinerary","decl":{"start":{"line":11,"column":9},"end":{"line":11,"column":26}},"loc":{"start":{"line":11,"column":40},"end":{"line":16,"column":null}}},"1":{"name":"Trip","decl":{"start":{"line":18,"column":9},"end":{"line":18,"column":null}},"loc":{"start":{"line":18,"column":9},"end":{"line":90,"column":null}}},"2":{"name":"(anonymous_2)","decl":{"start":{"line":25,"column":26},"end":{"line":25,"column":27}},"loc":{"start":{"line":25,"column":43},"end":{"line":25,"column":null}}},"3":{"name":"(anonymous_3)","decl":{"start":{"line":27,"column":22},"end":{"line":27,"column":null}},"loc":{"start":{"line":27,"column":22},"end":{"line":42,"column":null}}},"4":{"name":"(anonymous_4)","decl":{"start":{"line":49,"column":4},"end":{"line":49,"column":5}},"loc":{"start":{"line":49,"column":24},"end":{"line":49,"column":68}}}},"branchMap":{"0":{"loc":{"start":{"line":12,"column":2},"end":{"line":14,"column":null}},"type":"if","locations":[{"start":{"line":12,"column":2},"end":{"line":14,"column":null}},{"start":{},"end":{}}]},"1":{"loc":{"start":{"line":12,"column":6},"end":{"line":12,"column":55}},"type":"binary-expr","locations":[{"start":{"line":12,"column":6},"end":{"line":12,"column":20}},{"start":{"line":12,"column":24},"end":{"line":12,"column":55}}]},"2":{"loc":{"start":{"line":28,"column":4},"end":{"line":41,"column":null}},"type":"if","locations":[{"start":{"line":28,"column":4},"end":{"line":41,"column":null}},{"start":{"line":37,"column":11},"end":{"line":41,"column":null}}]},"3":{"loc":{"start":{"line":44,"column":2},"end":{"line":46,"column":null}},"type":"if","locations":[{"start":{"line":44,"column":2},"end":{"line":46,"column":null}},{"start":{},"end":{}}]},"4":{"loc":{"start":{"line":53,"column":30},"end":{"line":53,"column":90}},"type":"cond-expr","locations":[{"start":{"line":53,"column":51},"end":{"line":53,"column":85}},{"start":{"line":53,"column":88},"end":{"line":53,"column":90}}]},"5":{"loc":{"start":{"line":74,"column":8},"end":{"line":80,"column":9}},"type":"cond-expr","locations":[{"start":{"line":74,"column":8},"end":{"line":80,"column":9}}]},"6":{"loc":{"start":{"line":74,"column":8},"end":{"line":80,"column":9}},"type":"cond-expr","locations":[{"start":{"line":75,"column":10},"end":{"line":77,"column":11}},{"start":{"line":77,"column":10},"end":{"line":80,"column":9}}]},"7":{"loc":{"start":{"line":82,"column":12},"end":{"line":84,"column":13}},"type":"cond-expr","locations":[{"start":{"line":82,"column":12},"end":{"line":84,"column":13}}]},"8":{"loc":{"start":{"line":81,"column":11},"end":{"line":81,"column":null}},"type":"binary-expr","locations":[{"start":{"line":81,"column":11},"end":{"line":81,"column":34}},{"start":{"line":81,"column":34},"end":{"line":81,"column":null}}]}},"s":{"0":0,"1":0,"2":0,"3":0,"4":0,"5":0,"6":0,"7":0,"8":0,"9":0,"10":0,"11":0,"12":0,"13":0,"14":0,"15":0,"16":0,"17":0,"18":0,"19":0,"20":0},"f":{"0":0,"1":0,"2":0,"3":0,"4":0},"b":{"0":[0,0],"1":[0,0],"2":[0,0],"3":[0,0],"4":[0,0],"5":[0],"6":[0,0],"7":[0],"8":[0,0]}}
,"/Users/joshtuddenham/Projects/Wooster/src/pages/Trips.tsx": {"path":"/Users/joshtuddenham/Projects/Wooster/src/pages/Trips.tsx","statementMap":{"0":{"start":{"line":9,"column":20},"end":{"line":9,"column":null}},"1":{"start":{"line":10,"column":20},"end":{"line":10,"column":null}},"2":{"start":{"line":12,"column":2},"end":{"line":24,"column":null}}},"fnMap":{"0":{"name":"Trips","decl":{"start":{"line":8,"column":9},"end":{"line":8,"column":null}},"loc":{"start":{"line":8,"column":9},"end":{"line":45,"column":null}}}},"branchMap":{"0":{"loc":{"start":{"line":12,"column":2},"end":{"line":24,"column":null}},"type":"if","locations":[{"start":{"line":12,"column":2},"end":{"line":24,"column":null}},{"start":{},"end":{}}]},"1":{"loc":{"start":{"line":12,"column":6},"end":{"line":12,"column":36}},"type":"binary-expr","locations":[{"start":{"line":12,"column":6},"end":{"line":12,"column":16}},{"start":{"line":12,"column":16},"end":{"line":12,"column":36}}]}},"s":{"0":0,"1":0,"2":0},"f":{"0":0},"b":{"0":[0,0],"1":[0,0]}}
,"/Users/joshtuddenham/Projects/Wooster/src/pages/TripsList.tsx": {"path":"/Users/joshtuddenham/Projects/Wooster/src/pages/TripsList.tsx","statementMap":{"0":{"start":{"line":8,"column":20},"end":{"line":8,"column":null}},"1":{"start":{"line":9,"column":34},"end":{"line":9,"column":null}},"2":{"start":{"line":11,"column":2},"end":{"line":23,"column":null}},"3":{"start":{"line":32,"column":34},"end":{"line":33,"column":null}},"4":{"start":{"line":33,"column":26},"end":{"line":33,"column":73}}},"fnMap":{"0":{"name":"Trips","decl":{"start":{"line":7,"column":9},"end":{"line":7,"column":null}},"loc":{"start":{"line":7,"column":9},"end":{"line":51,"column":null}}},"1":{"name":"(anonymous_1)","decl":{"start":{"line":31,"column":23},"end":{"line":31,"column":24}},"loc":{"start":{"line":31,"column":24},"end":{"line":41,"column":null}}},"2":{"name":"(anonymous_2)","decl":{"start":{"line":33,"column":16},"end":{"line":33,"column":17}},"loc":{"start":{"line":33,"column":26},"end":{"line":33,"column":73}}}},"branchMap":{"0":{"loc":{"start":{"line":11,"column":2},"end":{"line":23,"column":null}},"type":"if","locations":[{"start":{"line":11,"column":2},"end":{"line":23,"column":null}},{"start":{},"end":{}}]},"1":{"loc":{"start":{"line":11,"column":6},"end":{"line":11,"column":36}},"type":"binary-expr","locations":[{"start":{"line":11,"column":6},"end":{"line":11,"column":16}},{"start":{"line":11,"column":16},"end":{"line":11,"column":36}}]}},"s":{"0":0,"1":0,"2":0,"3":0,"4":0},"f":{"0":0,"1":0,"2":0},"b":{"0":[0,0],"1":[0,0]}}
,"/Users/joshtuddenham/Projects/Wooster/src/services/apiService.ts": {"path":"/Users/joshtuddenham/Projects/Wooster/src/services/apiService.ts","statementMap":{"0":{"start":{"line":2,"column":32},"end":{"line":2,"column":56}},"1":{"start":{"line":5,"column":26},"end":{"line":9,"column":2}},"2":{"start":{"line":6,"column":14},"end":{"line":6,"column":null}},"3":{"start":{"line":7,"column":2},"end":{"line":7,"column":null}},"4":{"start":{"line":7,"column":15},"end":{"line":7,"column":null}},"5":{"start":{"line":8,"column":2},"end":{"line":8,"column":null}},"6":{"start":{"line":12,"column":33},"end":{"line":16,"column":2}},"7":{"start":{"line":13,"column":14},"end":{"line":13,"column":null}},"8":{"start":{"line":14,"column":2},"end":{"line":14,"column":null}},"9":{"start":{"line":14,"column":15},"end":{"line":14,"column":null}},"10":{"start":{"line":15,"column":2},"end":{"line":15,"column":null}},"11":{"start":{"line":19,"column":33},"end":{"line":34,"column":2}},"12":{"start":{"line":20,"column":19},"end":{"line":26,"column":null}},"13":{"start":{"line":28,"column":2},"end":{"line":30,"column":null}},"14":{"start":{"line":29,"column":4},"end":{"line":29,"column":null}},"15":{"start":{"line":32,"column":17},"end":{"line":32,"column":null}},"16":{"start":{"line":33,"column":2},"end":{"line":33,"column":29}},"17":{"start":{"line":37,"column":26},"end":{"line":47,"column":2}},"18":{"start":{"line":38,"column":19},"end":{"line":43,"column":null}},"19":{"start":{"line":44,"column":2},"end":{"line":46,"column":null}},"20":{"start":{"line":45,"column":4},"end":{"line":45,"column":null}},"21":{"start":{"line":50,"column":33},"end":{"line":60,"column":2}},"22":{"start":{"line":51,"column":19},"end":{"line":56,"column":null}},"23":{"start":{"line":57,"column":2},"end":{"line":59,"column":null}},"24":{"start":{"line":58,"column":4},"end":{"line":58,"column":null}}},"fnMap":{"0":{"name":"(anonymous_0)","decl":{"start":{"line":5,"column":26},"end":{"line":5,"column":null}},"loc":{"start":{"line":5,"column":26},"end":{"line":9,"column":2}}},"1":{"name":"(anonymous_1)","decl":{"start":{"line":12,"column":33},"end":{"line":12,"column":null}},"loc":{"start":{"line":12,"column":33},"end":{"line":16,"column":2}}},"2":{"name":"(anonymous_2)","decl":{"start":{"line":19,"column":33},"end":{"line":19,"column":40}},"loc":{"start":{"line":19,"column":40},"end":{"line":34,"column":2}}},"3":{"name":"(anonymous_3)","decl":{"start":{"line":37,"column":26},"end":{"line":37,"column":33}},"loc":{"start":{"line":37,"column":33},"end":{"line":47,"column":2}}},"4":{"name":"(anonymous_4)","decl":{"start":{"line":50,"column":33},"end":{"line":50,"column":40}},"loc":{"start":{"line":50,"column":40},"end":{"line":60,"column":2}}}},"branchMap":{"0":{"loc":{"start":{"line":7,"column":2},"end":{"line":7,"column":null}},"type":"if","locations":[{"start":{"line":7,"column":2},"end":{"line":7,"column":null}},{"start":{},"end":{}}]},"1":{"loc":{"start":{"line":14,"column":2},"end":{"line":14,"column":null}},"type":"if","locations":[{"start":{"line":14,"column":2},"end":{"line":14,"column":null}},{"start":{},"end":{}}]},"2":{"loc":{"start":{"line":28,"column":2},"end":{"line":30,"column":null}},"type":"if","locations":[{"start":{"line":28,"column":2},"end":{"line":30,"column":null}},{"start":{},"end":{}}]},"3":{"loc":{"start":{"line":44,"column":2},"end":{"line":46,"column":null}},"type":"if","locations":[{"start":{"line":44,"column":2},"end":{"line":46,"column":null}},{"start":{},"end":{}}]},"4":{"loc":{"start":{"line":57,"column":2},"end":{"line":59,"column":null}},"type":"if","locations":[{"start":{"line":57,"column":2},"end":{"line":59,"column":null}},{"start":{},"end":{}}]}},"s":{"0":1,"1":1,"2":2,"3":2,"4":1,"5":1,"6":1,"7":2,"8":2,"9":1,"10":1,"11":1,"12":2,"13":2,"14":1,"15":1,"16":1,"17":1,"18":2,"19":2,"20":1,"21":1,"22":2,"23":2,"24":1},"f":{"0":2,"1":2,"2":2,"3":2,"4":2},"b":{"0":[1,1],"1":[1,1],"2":[1,1],"3":[1,1],"4":[1,1]}}
,"/Users/joshtuddenham/Projects/Wooster/src/store/authreducer.ts": {"path":"/Users/joshtuddenham/Projects/Wooster/src/store/authreducer.ts","statementMap":{"0":{"start":{"line":3,"column":32},"end":{"line":6,"column":null}},"1":{"start":{"line":8,"column":2},"end":{"line":15,"column":null}},"2":{"start":{"line":10,"column":6},"end":{"line":10,"column":null}},"3":{"start":{"line":12,"column":6},"end":{"line":12,"column":null}},"4":{"start":{"line":14,"column":6},"end":{"line":14,"column":null}}},"fnMap":{"0":{"name":"authReducer","decl":{"start":{"line":7,"column":9},"end":{"line":7,"column":21}},"loc":{"start":{"line":7,"column":72},"end":{"line":16,"column":null}}}},"branchMap":{"0":{"loc":{"start":{"line":7,"column":21},"end":{"line":7,"column":52}},"type":"default-arg","locations":[{"start":{"line":7,"column":40},"end":{"line":7,"column":52}}]},"1":{"loc":{"start":{"line":8,"column":2},"end":{"line":15,"column":null}},"type":"switch","locations":[{"start":{"line":9,"column":4},"end":{"line":10,"column":null}},{"start":{"line":11,"column":4},"end":{"line":12,"column":null}},{"start":{"line":13,"column":4},"end":{"line":14,"column":null}}]}},"s":{"0":1,"1":3,"2":1,"3":1,"4":1},"f":{"0":3},"b":{"0":[0],"1":[1,1,1]}}
,"/Users/joshtuddenham/Projects/Wooster/src/store/dummyData.ts": {"path":"/Users/joshtuddenham/Projects/Wooster/src/store/dummyData.ts","statementMap":{"0":{"start":{"line":3,"column":32},"end":{"line":8,"column":2}}},"fnMap":{},"branchMap":{},"s":{"0":0},"f":{},"b":{}}
,"/Users/joshtuddenham/Projects/Wooster/src/store/reducer.ts": {"path":"/Users/joshtuddenham/Projects/Wooster/src/store/reducer.ts","statementMap":{"0":{"start":{"line":3,"column":35},"end":{"line":7,"column":2}},"1":{"start":{"line":10,"column":2},"end":{"line":43,"column":null}},"2":{"start":{"line":12,"column":6},"end":{"line":15,"column":null}},"3":{"start":{"line":17,"column":6},"end":{"line":20,"column":null}},"4":{"start":{"line":22,"column":6},"end":{"line":25,"column":null}},"5":{"start":{"line":27,"column":6},"end":{"line":30,"column":null}},"6":{"start":{"line":29,"column":54},"end":{"line":29,"column":85}},"7":{"start":{"line":32,"column":6},"end":{"line":35,"column":null}},"8":{"start":{"line":37,"column":6},"end":{"line":40,"column":null}},"9":{"start":{"line":42,"column":6},"end":{"line":42,"column":null}}},"fnMap":{"0":{"name":"reducer","decl":{"start":{"line":9,"column":16},"end":{"line":9,"column":24}},"loc":{"start":{"line":9,"column":81},"end":{"line":44,"column":null}}},"1":{"name":"(anonymous_1)","decl":{"start":{"line":29,"column":34},"end":{"line":29,"column":35}},"loc":{"start":{"line":29,"column":54},"end":{"line":29,"column":85}}}},"branchMap":{"0":{"loc":{"start":{"line":9,"column":24},"end":{"line":9,"column":65}},"type":"default-arg","locations":[{"start":{"line":9,"column":53},"end":{"line":9,"column":65}}]},"1":{"loc":{"start":{"line":10,"column":2},"end":{"line":43,"column":null}},"type":"switch","locations":[{"start":{"line":11,"column":4},"end":{"line":15,"column":null}},{"start":{"line":16,"column":4},"end":{"line":20,"column":null}},{"start":{"line":21,"column":4},"end":{"line":25,"column":null}},{"start":{"line":26,"column":4},"end":{"line":30,"column":null}},{"start":{"line":31,"column":4},"end":{"line":35,"column":null}},{"start":{"line":36,"column":4},"end":{"line":40,"column":null}},{"start":{"line":41,"column":4},"end":{"line":42,"column":null}}]}},"s":{"0":1,"1":8,"2":1,"3":1,"4":1,"5":1,"6":2,"7":1,"8":1,"9":2},"f":{"0":8,"1":2},"b":{"0":[1],"1":[1,1,1,1,1,1,2]}}
}
